-1.6076754445731374
-0.10869512341546861
-0.05840692050570005
-0.038818315412652835
-0.20252243416478596
-0.1891849635148896
-0.11056929841535947
-0.22245107990721583
-0.19813003825886488
-0.14018349764334484
-0.25588492619730097
-0.2247509598119856
-0.18313150025400243
-0.27964732491089933
-0.2647398749409334
-0.20093037251430199
-0.28526890188525694
-0.2641514651376021
-0.24944586537312916
-0.2882227397092324
-0.25362034156867697
-0.22017098613956818
-0.272849917056533
-0.2798128995377697
-0.23248090574743613
-0.36016234376686007
-0.3035547133025777
-0.24151655209805875
-0.3613913887780592
-0.32154254625027373
-0.23286562708764355
-0.3317998657737866
-0.31589357751717545
-0.23209684179697956
-0.36368493783724865
-0.2916922501033999
-0.2236577857064945
-0.32925308125475927
-0.29991533211564597
-0.24265838145520235
-0.32768544584884374
-0.2814437033104182
-0.2208384160789897
-0.28404649191860826
-0.2442644047176413
-0.21116310280127448
-0.24701645208895207
-0.16268243900969834
-0.18127067109790151
-0.2096520149516458
-0.1404150754842605
-0.15003039150020328
-0.16993617609482747
-0.1074156041983598
-0.11997547911083845
-0.25662173135546396
-0.30635212658448596
-0.3670556742685612
-0.2729236577054701
-0.26312651539795123
-0.367793128865912
-0.17069249496627034
-0.2571305094085281
-0.3320770538789462
-0.06646540382004329
-0.1815326530386809
-0.21165275864222502
-0.40121079270729415
-0.375685514478006
-0.27817978264719934
-0.397681887014676
-0.3834177343606108
-0.31597754340285095
-0.37937868518659745
-0.3980602942990763
-0.3465726471138225
-0.3649085482470977
-0.4086918758234115
-0.3611305268011478
-0.37229165099527983
-0.43749304503600456
-0.396388718896392
-0.39746512845064375
-0.47304545386837615
-0.4115315428145397
-0.39181121462708834
-0.4769470506890182
-0.43422618663490126
-0.39382100973174833
-0.48457750394695187
-0.4290612134798595
-0.4157279454408312
-0.4337961272003011
-0.4599143852166957
-0.40752862227291925
-0.45246181275898906
-0.4569964574587792
-0.40925676520173143
-0.44542427976084126
-0.4720222107623204
-0.4179311625696838
-0.48184022636803653
-0.47070523515268686
-0.4002991193301812
-0.4641611610003215
-0.46752710922873136
-0.3938230983501405
-0.4398041635046211
-0.4894364330651502
-0.4035046877659746
-0.4262588889252374
-0.49819406050912324
-0.3854903761509652
-0.45177755905445777
-0.46384344310442993
-0.3768532985198271
-0.4155601868492976
-0.46327035837831415
-0.3459329181272216
-0.39106465894139536
-0.4614391808639175
-0.3888398436872988
-0.36463194488982603
-0.45458602802118947
-0.21157462844489514
-0.3559185550097157
-0.40809336683261294
-0.18681988913840156
-0.28221450473291126
-0.32853321574049305
-0.29276995772128445
-0.2289244354441138
-0.2051658554545988
-0.3273882251828559
-0.2909424231450664
-0.2684330739039895
-0.3042201593176359
-0.28688699097493925
-0.2943970843839988
-0.32013826787550986
-0.30674363084679773
-0.3442469292482491
-0.33832304164287547
-0.35332518896382564
-0.3546919796250131
-0.3568978549758962
-0.34989977472494865
-0.37834119824936524
-0.33915674258493406
-0.3561182016163306
-0.39678878140826207
-0.35259308335649175
-0.3522322628997227
-0.3921999342441882
-0.3764282931217813
-0.3559890355247299
-0.3856301276134768
-0.3953525482999083
-0.3794900619568044
-0.4077414124258035
-0.394175815149456
-0.39625666365565876
-0.40033814185514904
-0.4020757101490665
-0.4184768897473286
-0.4056384876944575
-0.3845501076275535
-0.4199794627981484
-0.4245848869979344
-0.3625479122626717
-0.42777178781661335
-0.4539166088336652
-0.3545651715640798
-0.3796786662138067
-0.4332421819892431
-0.36241834320592686
-0.3867491217496334
-0.4264834689090418
-0.3387074813706458
-0.35236117717072396
-0.4100355247238827
-0.3005800656094639
-0.4856127153744543
-0.4068518187062088
-0.40134727452846913
-0.4540578511764627
-0.4200162874935639
-0.3651095677728936
-0.4382300219818701
-0.43039749546360445
-0.3456054131583461
-0.4271885471609811
-0.410601211448293
-0.4093182447622745
-0.39360523360846195
-0.35681778741439585
-0.41202014493657146
-0.3845693820383717
-0.3299515913009889
-0.41036549647262965
-0.37671244144397203
-0.3227539431818915
-0.4078614137769857
-0.35992322178593467
-0.32060296039557656
-0.413190830728867
-0.35848943674056194
-0.31249253429279955
-0.413190830728867
-0.3491508227476598
-0.3160696230872458
-0.39662145876568944
-0.33240127228735267
-0.29467138023509315
-0.373362103714701
-0.34992819326841135
-0.2893869003957697
-0.37474320778601977
-0.3759838734032041
-0.28383046197911366
-0.36964458911539777
-0.37152262064543534
-0.2804530769181643
-0.33002460793693755
-0.37152262064543534
-0.2895829830129211
-0.37331834325316704
-0.34476526246592715
-0.27316204269557876
-0.34929502494577014
-0.34476526246592715
-0.28637816819223894
-0.3477273895398546
-0.30922036018154603
-0.25150627388451363
-0.3214463670111234
-0.29309800643311296
-0.25263093539998066
-0.2844163271814673
-0.2654885538079207
-0.22670900362027047
-0.2557990118446184
-0.21326528745237616
-0.20951143985192544
-0.2126267035509525
-0.18720171544962874
-0.1781569735477654
-0.3429475868471472
-0.3764581022794975
-0.36595485999225785
-0.34801555859628935
-0.38418206932535326
-0.3644314919399041
-0.37194254077844197
-0.39887133046671946
-0.3658384686632463
-0.3825578788257444
-0.4248863431101264
-0.37349155966575814
-0.37679148207733065
-0.4248863431101264
-0.37591526885063536
-0.39017728918558164
-0.43156240340339425
-0.38080935938214605
-0.3943855096278584
-0.43769454494430904
-0.4066189642201652
-0.3968045423951068
-0.45609615279257143
-0.3859092853897591
-0.3949806738215715
-0.46150162800926897
-0.40096517347097377
-0.41909258424768153
-0.490962307094688
-0.43606946072038694
-0.4187683335738898
-0.5154418220023191
-0.43793530243038425
-0.4257569402591829
-0.5355081155013766
-0.44132945580236216
-0.44718436907876874
-0.47899326079061183
-0.466166881182744
-0.44611996499669165
-0.488859631069779
-0.47265825810608175
-0.45141245584645145
-0.47926606730589866
-0.4769985372669995
-0.449668913216591
-0.4934617878214242
-0.47752927844862203
-0.45354215500067047
-0.48925106034834104
-0.472913619720457
-0.46111626160572206
-0.47768299037605794
-0.4677017351265651
-0.4698535721975977
-0.49559702445003256
-0.48785147069210416
-0.4747160800263065
-0.5052426682163109
-0.48785147069210416
-0.48442749782193295
-0.5024896219563376
-0.4792390422400446
-0.4907706234119048
-0.517558311017751
-0.47824497085670886
-0.4950997115469851
-0.4036462369875951
-0.498817351383281
-0.3626519653296971
-0.4276192587493692
-0.4662237716886212
-0.38816281441850836
-0.4048782579182053
-0.44572265650448384
-0.3742266724328701
-0.41265024012716045
-0.4399450395392673
-0.3747938095244483
-0.416414842255414
-0.4336924070893724
-0.3820625481329962
-0.40467401260023445
-0.41991398350339304
-0.38193036464295155
-0.4192842633279648
-0.4307185664571663
-0.3990074487752144
-0.4192842633279648
-0.43975911135418316
-0.4105254240765771
-0.42960644169437573
-0.4416549358885405
-0.3999949597451733
-0.42960644169437573
-0.4471567858906973
-0.4138284559594224
-0.42960644169437573
-0.44041444930089324
-0.41878643442476615
-0.42960644169437573
-0.43021498357444216
-0.438451550692071
-0.4405851535401802
-0.43842336952149524
-0.43082366119947346
-0.449329676018186
-0.4382136240153772
-0.43635081206291126
-0.449329676018186
-0.43865730849580803
-0.43635081206291126
-0.449329676018186
-0.4537304439332816
-0.43314887933466517
-0.45844660350629035
-0.46159373468007614
-0.4209140559957029
-0.42851367780276867
-0.44014706617596716
-0.39981821829844194
-0.4266224364520384
-0.44457692613185273
-0.396609991151972
-0.418877546749245
-0.4337326700958222
-0.38987304921291654
-0.4011855609108253
-0.41286648642861423
-0.35818798702238797
-0.4011855609108253
-0.4055844962453269
-0.3621289604619064
-0.3840736116440812
-0.39514006742884816
-0.34314978866409795
-0.37691374289289287
-0.3873699747784097
-0.2973321897537067
-0.2039391352010377
-0.2008448759769804
-0.33583534297911793
-0.2639731493245575
-0.21502096689667463
-0.36418139760384644
-0.33271826944287614
-0.26973731131394596
-0.3815437550174076
-0.34698133740710896
-0.2994620550930939
-0.3870059026936913
-0.34698133740710896
-0.30215862137148264
-0.3839621444567113
-0.3549735384409834
-0.32604426079633303
-0.385599302141201
-0.36378335274548407
-0.33627390244017685
-0.3806825989214272
-0.37277204870683806
-0.35321897829194776
-0.3796407310106681
-0.38749466458245546
-0.3515305685817924
-0.38903716599359295
-0.40190618192635147
-0.3862596884221386
-0.3819063955326473
-0.40190618192635147
-0.4011550964868803
-0.38757995619950364
-0.42511228522786854
-0.406173942434209
-0.40264024365566814
-0.44332888210067184
-0.4070595898774978
-0.4090940756182234
-0.4538299731551581
-0.41130596026965477
-0.39998213193771526
-0.4401435641876276
-0.4404532120452634
-0.4106479741609547
-0.45068625885636676
-0.45609172263837616
-0.4153393695827829
-0.45068625885636676
-0.4482150862569678
-0.4208491109280894
-0.46847275572003183
-0.44359942752880277
-0.4106563385141089
-0.45690468574774873
-0.4495791418512709
-0.41825196630069983
-0.46564920822575456
-0.46736590354143076
-0.43328245405395627
-0.473514384837681
-0.48296525742222246
-0.4110568631049899
-0.46499157713593825
-0.47510833264779945
-0.4147996467762317
-0.46176326950914676
-0.4746679796819142
-0.4137882408261823
-0.4603653097698845
-0.46226788736826824
-0.49598140345664
-0.45927066671433686
-0.4910052865554359
-0.5028559498125516
-0.46552004213415393
-0.48809406002443395
-0.4994792768319066
-0.46609878773399843
-0.49702103291189026
-0.49942837913267424
-0.48369132545352217
-0.4860031930620027
-0.5010915371488871
-0.4780423567204239
-0.49421720620520315
-0.49688711593233637
-0.4835084051755398
-0.489774628663879
-0.5018301507046597
-0.4835084051755398
-0.4789659763722766
-0.5001354926498631
-0.4860644359412723
-0.48322552821527054
-0.4934950864428696
-0.4860644359412723
-0.5018471760268326
-0.5025082367860358
-0.4860644359412723
-0.5019080665430038
-0.5025082367860358
-0.5082846620329422
-0.49171994676257963
-0.5050455880529734
-0.5082846620329422
-0.4937561867534202
-0.4849826342645227
-0.509787235083762
-0.4937069346654894
-0.47558557675027735
-0.509787235083762
-0.47691893068483765
-0.47414324551514575
-0.5058080285770119
-0.47797513421621124
-0.47414324551514575
-0.5058080285770119
-0.49542277715742217
-0.4567853141136416
-0.49869477642765264
-0.5061957864143793
-0.46009311793005364
-0.4914907652458928
-0.4990816256036633
-0.46009311793005364
-0.484751083732668
-0.49927813631283113
-0.46103739675401206
-0.48053458052836756
-0.4948198217660653
-0.46103739675401206
-0.4600314565925348
-0.49554595949370284
-0.453372559635495
-0.44538981218508655
-0.4895505205904948
-0.453372559635495
-0.4785104729639529
-0.47571221929497964
-0.43816057731029384
-0.47590448295547666
-0.46011128534029483
-0.4294134555098363
-0.461977158453069
-0.461123159214118
-0.4328699249466838
-0.4425048420449718
-0.46013199351506473
-0.4198120818835292
-0.4313552542652206
-0.4613051008974819
-0.40726089868100607
-0.42629144941416364
-0.45650168731075264
-0.38892826792203417
-0.5454425577356917
-0.4569482874973908
-0.45108349226142297
-0.5334075627280549
-0.47020903416338705
-0.4245740192697387
-0.5097289997944171
-0.4567310193332345
-0.48456649998733825
-0.486580605643235
-0.4656941068927389
-0.4896613296864195
-0.48240637603334807
-0.4702469296520499
-0.4517310933007093
-0.4614942357755881
-0.4703535520656143
-0.41693848170129055
-0.4588589555425023
-0.4657948753701079
-0.36150857175891066
-0.4552333411377585
-0.464294880748432
-0.3259469986338865
-0.44437751530146435
-0.4464423349537855
-0.367645998766678
-0.44276068839991645
-0.43965460792104943
-0.30789388533431317
-0.3847080935004463
-0.3954443238531261
-0.28694800028534073
-0.3610023399588485
-0.3400722410365403
-0.2063561075465428
-0.2827073731753883
-0.3082798494925933
-0.21976144055819039
-0.32156208296880856
-0.3110927677139148
-0.23732472258617857
-0.318875845215804
-0.33652620819991425
-0.24296995400416802
-0.263881038309409
-0.29108422503616727
-0.27158726934101673
-0.3161043046649536
-0.3082817888045123
-0.3147595776346828
-0.34216787666770104
-0.3277641177079378
-0.300623121346806
-0.33519831310276205
-0.3179994720017428
-0.08145671471158589
-0.18372580468304672
-0.23477918408466852
-0.25236145853690806
-0.33519831310276205
-0.3179994720017428
-0.21385830531149677
-0.2751642989792424
-0.3038233810820487
0.024419310629963387
-0.049200828632120296
-0.09773548620343588
-0.1855122506867681
-0.20641917886092362
-0.2491070366647772
-0.316092475005701
-0.2433536900714454
-0.16183880102353307
-0.2627456480052741
-0.17813510834495117
-0.17877210694218287
-0.20134292528010678
-0.12266375318529407
-0.11718944076399078
-0.24179976295630173
-0.15442935480335343
-0.12340002412559709
0.0024556244942479525
0.050274804268088225
0.02323123666988349
-0.18204764952393693
-0.0963767599038832
-0.07918974005767371
-0.17604662601144525
-0.24048667901502682
-0.2881150335115566
-0.20593991417451182
-0.23627158568421672
-0.2651622932564569
-0.14645779966630204
-0.22436432526659383
-0.2745843610784323
-0.18905594916002602
-0.22014923193578367
-0.2662869547719239
-0.15572955300976357
-0.20010404678164592
-0.24999743388800164
-0.2003986233448445
-0.18460432965140244
-0.2314150604641987
-0.2012500458121716
-0.14174082105819139
-0.03376141478430004
-0.22374664965672836
-0.09475993300233532
-0.07240201302493775
-0.13882329894878734
-0.19437218583787247
-0.2771991615142237
-0.17637530503744767
-0.19437218583787247
-0.24463118596085895
-0.2094977107717855
-0.19538441852348243
-0.2193822928856293
-0.04740558434159252
-0.12547241911034757
-0.1652593331853831
-0.16814989327320698
-0.1921561108966909
-0.2193822928856293
-0.1626877455969233
-0.1921561108966909
-0.2166857266072406
0.007504597829094378
-0.04814466904278346
-0.06483181597929508
-0.16573150383390337
-0.1841639098628165
-0.19280008718239025
-0.18791441656541366
-0.1785824031851074
-0.18257044553854643
-0.16409434614941373
-0.17535409555831588
-0.18257044553854643
-0.07784238881536068
-0.11778702162529532
-0.12551689911939426
-0.16901104936918757
-0.1663653995969618
-0.16562536968677552
-0.015006824441260839
-0.039634250645232794
-0.05835790739618737
-0.17005291727994656
-0.1516427837213444
-0.16562536968677552
-0.1519764875796848
-0.13517226197394924
-0.1461170383474199
-0.1606564822970217
-0.1372312663774484
-0.1461170383474199
-0.16795228791427472
-0.2033768732099313
-0.08967534506467338
-0.18443869433848795
-0.15291148983783223
-0.13996623126344543
-0.17880743559523948
-0.19836772037763706
-0.10256042319970242
-0.061792096767441906
-0.11254063248116719
-0.10818117907877586
-0.17937072258934578
-0.14518752279197658
-0.13795960824728976
-0.1677872527579675
-0.1372312663774484
-0.13939879336170158
-0.15525450366761587
-0.18724700589293639
-0.11436528107483931
-0.1554437404071931
-0.13049826165061026
-0.1288266654415093
-0.22048259646529714
-0.17946968692016774
-0.12841948239431542
-0.03189599414800902
-0.04740427696915994
-0.041022187355568965
-0.14482840235989075
-0.10448324900720336
-0.11837039038263047
-0.16211369209111118
-0.1140251630759313
-0.1289138343114719
-0.20993156131673155
-0.1572183502288033
-0.15137155046134138
-0.1505947991083043
-0.10448324900720336
-0.11594668119775318
-0.17323610166299785
-0.13601924082003292
-0.12796827120309517
-0.13720899200005351
-0.09780718871393555
-0.10764570074543378
-0.15504609283868576
-0.11200853307611153
-0.10726746229058813
-0.13300077155777676
-0.09167504717302073
-0.09020440949118777
-0.00036404084742621464
-0.006652553217986974
-0.023022441365690944
-0.13058173879052834
-0.07327343932475834
-0.1109140883215939
-0.005383113837455786
0.007117337034846835
-0.02661444791248612
-0.13240560736406368
-0.06786796410806083
-0.10042912927136419
0.022045321280908955
0.02033348590309079
0.01706305279940032
-0.001076615372465956
0.014340554334814199
-0.019458868011297595
-0.10829369693795352
-0.03840728502264172
-0.07016587055537078
-0.01916387232188813
0.013200522037807052
-0.029713497182436467
-0.1086179476117452
-0.013927770115010594
-0.067366847978209
0.0360271096629443
0.03821205210609738
0.020322570457661376
-0.01057017358018826
0.03398005036353731
-0.017119022786198316
-0.10162934092645215
0.0061385233840467734
-0.06397269460623108
0.05933676220842718
0.052735101221599884
0.03542486926358815
0.07565419410540641
0.07498643791296428
0.010049092011684944
-0.00018923673957722733
0.056748744242326093
-0.01446138436666999
-0.15107733688480204
-0.07170070373965354
-0.05813040485600833
-0.18818507653170408
-0.08390410716604121
-0.05454946723029125
-0.0005632869941062857
0.05318019758566049
-0.0353991850475873
0.002980607310987136
0.05415641033778887
0.035257428034756406
-0.09796255498990518
-0.07764321252821155
-0.0484907959131089
-0.13275516658932424
-0.08027849276129742
-0.053049472608615325
-0.10625986785968641
-0.03901429209776904
-0.04423132336209148
0.04315928750608114
0.0528722902656374
0.014431791248237092
-0.06512714830327608
-0.05255684266056462
-0.053150241085984304
-0.060032318604194806
-0.05673107227045157
-0.04859741832667325
-0.016486406424213205
0.05046538337209906
-0.050290886198772
-0.14483770528468334
-0.12649365207635527
-0.016805789992791344
-0.09861015602919174
-0.005729885575744682
-0.04863531381533612
-0.12511962902087603
-0.02940844850938248
-0.06211332864548866
-0.042690527456124984
-0.07978611125126886
-0.05818149443692687
-0.08929298360345264
0.084427154463629
-0.006014667722405384
-0.14243274960960867
-0.11284599888963592
-0.062342660667970604
-0.1607653803685805
0.006305109431892077
-0.06189606048133242
-0.10757419930210596
-0.08692943510703995
-0.015968683861730424
-0.1298815664070855
-0.10778219403857897
-0.05753924708124129
-0.04614699689297254
-0.07285021196811553
-0.05948104835172209
-0.05790250978132612
-0.06651636957852101
-0.02369714537193943
-0.1202801927807784
-0.07716028985073059
-0.05772118876460511
-0.11682372334393085
-0.09663260625882777
-0.05871235446365841
-0.08922570387534137
-0.05346510916185292
-0.024008027587674154
-0.11153307098032092
-0.06323296534832294
-0.0587330626384283
-0.037399875092515064
-0.10592099328649614
-0.04543833252236887
-0.08632585549168326
-0.07010597569501151
0.0011008142763034318
-0.07509190089081932
-0.12105555392740198
0.00336163692600794
-0.037399875092515064
-0.042479304710881224
-0.01809345722281083
-0.09632108865511979
-0.09656369525852518
-0.029293827388228284
-0.09632108865511979
-0.06323296534832294
-0.04313212868374347
-0.07743485504850411
-0.023292031451897018
0.00876209049197635
-0.06077066778158412
-0.06926671104187715
0.01034258981701918
-0.08307803488656366
-0.07903456722834717
-0.023298388485020246
-0.03661384645762517
0.019125154214440984
0.017195624456426133
-0.05182582878282631
0.005457778303854964
0.002810978909402519
-0.06077066778158412
-0.0482731462083343
-0.0069048841867239774
-0.08307803488656366
-0.058041002394804336
-0.02402452621265786
-0.1700302849308732
-0.16761482765836433
-0.2458180152530116
-0.2196690403536771
-0.16761482765836433
-0.22821024564351652
-0.13803699035461514
-0.16214877920324838
-0.25313756597435927
-0.18004905917521677
-0.16761482765836433
-0.23839127106055893
-0.13820694604845685
-0.18517867759816858
-0.2426274269003635
-0.13581905968978
-0.1557159534117591
-0.24948873445737735
-0.17633154457591357
-0.18920925503538824
-0.22945744758295358
-0.17495044050459482
-0.16315357490059554
-0.23501388599960965
-0.12537907227569775
-0.1865347937187647
-0.2066458572652471
-0.12243359880487636
-0.2032843441790718
-0.22940815571170275
-0.13650281756174779
-0.18998662555613988
-0.20277472489147763
-0.1530721895249251
-0.20673617601644698
-0.22417296774363016
-0.12299291874476886
-0.17858900715973852
-0.2061292173631959
-0.13650281756174779
-0.18064801156323768
-0.20635181368592387
-0.163148222233985
-0.1656533144866192
-0.19609040479683196
-0.13315223979629198
-0.17715522211436582
-0.20312818816813627
-0.1393281518179851
-0.1624250068598277
-0.19609040479683196
-0.141832234513629
-0.17921422651786498
-0.19824138758314688
-0.1790213208526217
-0.1577963738922195
-0.18889275667773453
-0.13767350335404324
-0.154568066265428
-0.18889275667773453
-0.18863706633823815
-0.14553221469533772
-0.1620265605643275
-0.1403754035283402
-0.14553221469533772
-0.1620265605643275
-0.13573577390031139
-0.1344349030990863
-0.09115146280240051
-0.18450327401818484
-0.14665156417197142
-0.10587100673767857
-0.11263719317159039
-0.15506383665971846
-0.13767030489087487
-0.13161636496939874
-0.1622237054109068
-0.14259583538228454
-0.10828643580935725
-0.10542913292620201
-0.07400763897824489
-0.11732552028892636
-0.13795188739297434
-0.13365148271841953
-0.07147239676512787
-0.07812204503173693
-0.059056684339612364
-0.08564045809839765
-0.13795188739297434
-0.12954478411581755
-0.020170914065862744
-0.09014366487424788
-0.07048809977620522
-0.014168061333269793
-0.05982984236123741
-0.07048809977620522
-0.07909212762846746
-0.12025990155455464
-0.1085838894563747
-0.01696268691939281
-0.09176135121431947
-0.07279567295164639
-0.009039084479569085
-0.032522754466772316
-0.0596438437401747
-0.07588390048199753
-0.1125150118517612
-0.0977396334203442
0.02309858072872103
-0.020628933560632137
-0.046518842088474344
-0.021353830911818576
-0.09176135121431947
-0.07249733860476623
-0.04366119801679816
-0.10152920740078951
-0.09050040251032354
0.05288690904878607
-0.015572141238935373
-0.03672482864460591
0.048261662809897965
0.0
0.0
0.04134781749857851
0.0032283076267915333
0.0
0.023820070415999907
0.0032283076267915333
0.0
-0.008679994717336968
-0.0020590044034991452
0.0
-0.013509898816978849
-0.0020590044034991452
0.0
-0.14705340463494668
-0.09580856620312792
-0.12802818686818312
-0.011123745286050028
-0.003451831837375181
0.0
-0.02268902282629163
-0.02400858297326444
-0.01910123194960171
-0.06068440713233918
-0.06595907436413923
-0.09132832949695724
-0.1405995726723914
-0.08530747514864165
-0.12254594377988298
-0.14971151635289956
-0.08130344965191288
-0.09291591330847979
-0.13904567412966015
-0.07076075498317376
-0.0731075518046316
-0.021627455797037884
-0.01791685322631203
-0.03027718564196675
-0.053627569100681075
-0.062016232505167884
-0.061698299025554064
-0.13435427870783204
-0.07076075498317376
-0.0731075518046316
-0.1288445373625255
-0.05297425811950872
-0.0731075518046316
-0.030638590720048736
-0.003451831837375181
0.0
-0.026957118946801403
-0.02080433684904186
-0.03519704569671745
-0.06083821716023942
-0.05579780561378591
-0.05281484927224014
-0.139037309776506
-0.0645423280917918
-0.0731075518046316
-0.13144168198991504
-0.05579780561378591
-0.06422410205131768
-0.11641119423665851
-0.04793262900185951
-0.06422410205131768
-0.02521428893672272
-0.004030577437219662
0.0
-0.05160196718701237
-0.04409425663022334
-0.06422410205131768
-0.1160930701789724
-0.0408659490034318
-0.06422410205131768
-0.11235028650773056
-0.04409425663022334
-0.06422410205131768
-0.026221071224080815
-0.00743762148883647
0.0
-0.02230252511151601
-0.01765068938999498
-0.03519704569671745
-0.1133616924577799
-0.04549221636948553
-0.06422410205131768
-0.03116852982732203
-0.04658685942503326
-0.03519704569671745
-0.13354350581796778
-0.09374956179962878
-0.12802818686818312
-0.12792192884361014
-0.0673089231457986
-0.0731075518046316
-0.029101759229867668
-0.005466048455115953
0.0
-0.021823018222019003
-0.011917211425881152
-0.02402109200435241
-0.032724735887066494
-0.04033748400521617
-0.03519704569671745
-0.02429398347141056
-0.04033748400521617
-0.03519704569671745
-0.027670656452055523
-0.03975873840537169
-0.02402109200435241
-0.0277215541512879
-0.022166200685847952
-0.02402109200435241
-0.10839871905645723
-0.061090496254416614
-0.0731075518046316
-0.09087878124224968
-0.03683537156621214
-0.06422410205131768
-0.03346559697624439
-0.027815169418946153
-0.017477332942218666
-0.02605839613507509
-0.027815169418946153
-0.017477332942218666
-0.004947458603241225
-0.03914923793619678
-0.03519704569671745
0.0013802050785797746
-0.016700152230732
-0.02402109200435241
-0.028957937307853995
-0.003117896146360195
-0.017477332942218666
-0.03026281735162587
-0.0223491209638302
-0.017477332942218666
0.011408663252767504
-0.0223491209638302
-0.017477332942218666
-0.02701444063409905
-0.019793090198097687
-0.017477332942218666
-0.02531978257930245
-0.0223491209638302
-0.017477332942218666
-0.02701444063409905
-0.019793090198097687
-0.017477332942218666
-0.03252228522880152
-0.0005618653806276796
0.0
-0.03365484684109259
-0.019793090198097687
0.0
-0.13021769794310217
-0.06662088610677137
-0.08789164695590294
-0.12702249352660794
-0.05729486667864846
-0.07381468135887807
-0.1072170815654876
-0.0350574048931967
-0.04283036616266486
-0.08945407528985712
-0.027128292152817646
-0.029027056354600234
-0.0910591673462639
-0.027841526979490536
-0.029027056354600234
-0.005847638230036515
-0.027841526979490536
0.0
-0.0013048800437718807
-0.019231224817470007
0.0
-0.0011325616122910631
-0.019231224817470007
0.0
-0.08020191210686636
-0.05037633132671786
-0.04027958409519267
-0.0812663161889434
-0.04050996104755072
-0.03976792149432309
-0.07597382533918368
-0.050103524811431016
-0.03542764233340536
-0.07484126372689263
-0.03087229999396101
-0.01373731416230186
-0.07771736796904408
-0.016676579478435587
-0.006732442255511305
-0.07384412618496455
-0.04164686757669042
-0.009396905665194452
-0.07771736796904408
-0.03590780429590559
-0.041193563327487887
-0.07384412618496455
-0.04011853176898868
-0.041193563327487887
-0.06627001957991296
-0.05168660174127176
-0.009645192538513196
-0.057532708988037265
-0.033772567667297436
0.002648101015420311
-0.05267020115932851
-0.024126923901019018
0.0037321577641350225
-0.06627001957991296
-0.05168660174127176
-0.041193563327487887
-0.057532708988037265
-0.033772567667297436
-0.02104382776194882
-0.05267020115932851
-0.024126923901019018
-0.02104382776194882
-0.04295878336370195
-0.015795067415923146
0.001965257480832216
-0.10515057413420126
-0.14234290378665965
-0.008769853299469624
-0.04295878336370195
-0.026879970160992132
-0.02104382776194882
-0.03661565777373007
-0.011811281099578996
-0.02203789914528458
-0.07996143614517152
-0.021278736230080707
-0.017834834972232854
-0.10082148599912097
-0.11777443114352212
-0.015660901630860456
-0.15841209706398518
-0.09931478612804287
-0.04509544368283003
-0.0322865696386498
-0.12572335512973465
-0.001465518618712424
-0.15841209706398518
-0.10175033336796052
-0.01742225620078746
-0.1406990665204303
-0.10249358876753509
-0.06691110811263314
-0.1406990665204303
-0.09143849429619566
-0.06904419699738021
-0.1406990665204303
-0.10492913600745274
-0.03744059268913032
-0.1406990665204303
-0.09715715379849765
-0.0432182096543469
-0.12464965349109572
-0.06668369178634322
-0.05142639342185752
-0.11238276357001264
-0.048578377971666385
-0.04010847056738122
-0.13428672269170458
-0.08038269966780603
-0.025600406078824207
-0.13428672269170458
-0.07108720015762984
-0.026227000453331897
-0.07435427387682987
-0.02253480434722731
-0.022163311462327594
-0.11238276357001264
-0.024690633896281185
-0.031217614282925722
-0.09211250141846893
-0.01934840078450243
-0.031217614282925722
-0.13428672269170458
-0.047199456082244635
-0.020739932483039993
-0.12195305316079016
-0.047199456082244635
-0.01975058672656011
-0.08547123308962717
-0.008744522478005905
-0.011409252779077547
-0.07412821059574792
0.0
-0.011409252779077547
-0.11531178483194841
-0.03659557777574811
-0.01975058672656011
-0.1125991953947961
-0.03659557777574811
-0.007033606740954702
-0.04050388836455756
-0.03659557777574811
0.000862231496207861
-0.10837728722901367
-0.03659557777574811
-0.00716528402958779
-0.11096934488901104
-0.03659557777574811
0.000862231496207861
-0.10600674276097605
-0.03659557777574811
-0.00716528402958779
-0.03847098479904819
-0.03659557777574811
0.0043756460381228456
-0.0937488273348405
-0.025616865929943698
-0.0006987646178502117
-0.09270691948907278
-0.025616865929943698
-0.0006987646178502117
-0.09270691948907278
-0.016872343451937794
-0.0006987646178502117
-0.09270691948907278
-0.016872343451937794
-0.0006987646178502117
-0.029840551742321253
-0.02785105529774221
-0.008341333947482562
-0.08077863600380145
-0.016872343451937794
0.0015702134328030625
-0.08077863600380145
-0.016872343451937794
0.0015702134328030625
-0.029840551742321253
-0.02785105529774221
0.011467027556365606
-0.08077863600380145
-0.016872343451937794
0.011311006986776138
-0.08077863600380145
-0.016872343451937794
0.011311006986776138
-0.021903959121691942
-0.022508822185963454
0.010477681799885728
-0.08511839427811356
-0.007755415963833486
0.015647095654180244
-0.08511839427811356
-0.007755415963833486
0.015647095654180244
-0.021903959121691942
-0.022508822185963454
0.013881470114049325
-0.08511839427811356
-0.009094563100241402
0.010919698827943948
-0.08511839427811356
-0.009094563100241402
0.011803120707567382
-0.009637069200608863
-0.013699007881462822
0.025825987343033322
0.0
-0.005718659502301975
0.025825987343033322
0.0
-0.00243554723991764
0.029470515423502843
0.0
-0.00243554723991764
0.02767318748204257
0.06853491636047117
-0.007948923986212508
0.01419538301214804
0.06853491636047117
0.13053162268708066
-0.013268045845814952
0.0
-0.011084902745068988
-0.02300908524278103
0.0
0.0
-0.024775985526083844
-0.037399875092515064
-0.06035333199990024
-0.04146783259870613
0.0
0.0
-0.023691928777369135
-0.08307803488656366
-0.0656072755070985
-0.01956621166589202
-0.02004194369101086
-0.04082472296325815
-0.030667857805523873
0.0
0.0
-0.031548370788974725
-0.06077066778158412
-0.04909973780740362
-0.007677125846410835
-0.06572010348505947
-0.0460786664704564
-0.02342157082130097
-0.08307803488656366
-0.05886759399387366
-0.012648561564343911
-0.08307803488656366
-0.05886759399387366
-0.01976272237505989
-0.02004194369101086
-0.04082472296325815
-0.04371978673703658
0.0
0.0
-0.03179665766229345
-0.043412736380079905
-0.025325005833014665
-0.02914555693534709
-0.05632304597081392
-0.025325005833014665
-0.025137413313233704
-0.06572010348505947
-0.025325005833014665
-0.04192541729388548
-0.06572010348505947
-0.0460786664704564
-0.04086921376251187
-0.009633405415918474
-0.03327992216442968
-0.04950425698908412
0.0
0.0
-0.0344611210719766
-0.009633405415918474
-0.01105969607275984
-0.03301882080135044
-0.022543715006652486
-0.03327992216442968
-0.016936281435719278
-0.022543715006652486
-0.01105969607275984
-0.02712440121614349
-0.022543715006652486
-0.01105969607275984
-0.02508816122530291
-0.009633405415918474
-0.03327992216442968
-0.04000880827372296
0.0
0.0
-0.021690328171103522
-0.009633405415918474
-0.03327992216442968
-0.020398149218009396
-0.022543715006652486
-0.03327992216442968
-0.022401038664227865
-0.022543715006652486
-0.03327992216442968
-0.018141486821233885
-0.022543715006652486
-0.03327992216442968
-0.016997171951890523
0.0
0.0
-0.02193308652209023
-0.009633405415918474
-0.01105969607275984
-0.00682404329593513
-0.043412736380079905
-0.03631081028398636
-0.005386510491725575
-0.06077066778158412
-0.04909973780740362
0.02173469793858513
-0.009633405415918474
-0.03327992216442968
-0.013204624153472972
-0.022543715006652486
-0.03327992216442968
-0.007149808831301274
-0.022543715006652486
-0.03327992216442968
-0.01159238637262543
-0.009633405415918474
-0.03327992216442968
-0.023566357826168387
-0.009633405415918474
-0.03327992216442968
0.01776859603830417
-0.009633405415918474
-0.03327992216442968
0.0018155322949161955
-0.009633405415918474
-0.03327992216442968
-0.004976326504678956
-0.009633405415918474
-0.03327992216442968
-0.009387810264247808
-0.022543715006652486
-0.03327992216442968
0.00444675774242825
-0.022543715006652486
-0.03327992216442968
0.0021977769375195466
-0.022543715006652486
-0.03327992216442968
-0.008820062912368025
-0.009633405415918474
-0.03327992216442968
-0.007116864184337501
-0.009633405415918474
-0.03327992216442968
0.02292880337421483
-0.022543715006652486
-0.03327992216442968
0.007647641440862745
-0.022543715006652486
-0.03327992216442968
0.007357984273430206
-0.009633405415918474
-0.03327992216442968
0.007318107402984036
-0.009633405415918474
-0.03327992216442968
0.0160095869946127
-0.022543715006652486
-0.03327992216442968
0.020488086720393962
-0.022543715006652486
-0.03327992216442968
0.020047733754508745
-0.032767850203314595
0.004513912679271783
0.008297406306508427
-0.02337079268906905
0.004513912679271783
0.02295274025509965
0.0
-0.01769043446425922
0.0314879299012345
0.0
-0.01769043446425922
0.028345011494816993
-0.012910309590734012
0.0
0.01760776960949511
-0.012910309590734012
0.0
0.03256797555336484
-0.036281102279803065
0.015499717130243482
0.01858237342380289
-0.012910309590734012
0.0
0.013169979317409923
-0.012910309590734012
0.0
0.014474848457767704
-0.012910309590734012
0.0
0.014746294913800355
0.0
-0.01769043446425922
0.0024468447898048865
0.0
-0.01769043446425922
0.012745657614025279
-0.022307367104979558
-0.009767856186470034
-0.004971435717933055
-0.022307367104979558
-0.009767856186470034
-0.018003063905557292
-0.05892121356260473
-0.02075366063744173
-0.024943960468697814
-0.05892121356260473
-0.030116236680306763
-0.03809578968016951
-0.031426374677835864
-0.07293542883367589
-0.07289770895282739
-0.012910309590734012
0.0
0.0022566623967755113
-0.012910309590734012
0.0
0.0058944195852069494
-0.022307367104979558
0.0
-0.01277986035853839
-0.026163067602068386
-0.07293542883367589
-0.0799319593454958
-0.03256420022390187
-0.07293542883367589
-0.08175725291571827
-0.03256420022390187
-0.07293542883367589
-0.07642491103221784
-0.02170267505518241
-0.07293542883367589
-0.08333027693393401
-0.012910309590734012
0.0
0.013834568006676054
-0.012910309590734012
0.0
0.006054815322171689
-0.024895847442181117
-0.07293542883367589
-0.07929213017403797
-0.024900471104872375
-0.07293542883367589
-0.08146408037469335
-0.0185351781094708
-0.07293542883367589
-0.07972221383937779
-0.04093048223302671
-0.07265372889359031
-0.06808100820100746
-0.028600962864565368
-0.07293542883367589
-0.06153255406012019
-0.04062423891671754
-0.07293542883367589
-0.0749527681712917
-0.02873314635461005
-0.07265372889359031
-0.05933464989798009
-0.023856439382089128
-0.07293542883367589
-0.057438825363622756
-0.03709949315064526
-0.07293542883367589
-0.06465395534707132
-0.04998060831022654
-0.042339906380579856
-0.05955153481052669
-0.05455848048209943
-0.06337623554593552
-0.07270336402199838
-0.03986416853544553
-0.07265372889359031
-0.0673858490385171
-0.0180503694617567
-0.07293542883367589
-0.09529864838136941
-0.04061311607446169
-0.042339906380579856
-0.05955153481052669
-0.03334437746591374
-0.06337623554593552
-0.07270336402199838
-0.03347656095595842
-0.07265372889359031
-0.0673858490385171
-0.03710773964690203
-0.009767856186470034
-0.024092249856325486
-0.04045683767619492
-0.029330054378141707
-0.03568109878510914
-0.04306538525783351
-0.029330054378141707
-0.03568109878510914
-0.0286295858969322
-0.009767856186470034
-0.035198320089314596
-0.020831767351675967
-0.029330054378141707
-0.03568109878510914
-0.034767909337314204
-0.029330054378141707
-0.03568109878510914
-0.022307367104979558
-0.009767856186470034
-0.018561477976729822
-0.022307367104979558
-0.009767856186470034
-0.018561477976729822
-0.022307367104979558
-0.009767856186470034
-0.018561477976729822
-0.011990161514138375
-0.07293542883367589
-0.08577702916154947
-0.022307367104979558
-0.009767856186470034
-0.018561477976729822
-0.022307367104979558
-0.009767856186470034
-0.018561477976729822
-0.022307367104979558
-0.009767856186470034
-0.018561477976729822
-0.022307367104979558
-0.009767856186470034
-0.009949049524670281
-0.022307367104979558
-0.009767856186470034
-0.009949049524670281
-0.022307367104979558
-0.009767856186470034
-0.009949049524670281
-0.022307367104979558
-0.009767856186470034
-0.009949049524670281
-0.022307367104979558
-0.009767856186470034
-0.009949049524670281
-0.022307367104979558
-0.009767856186470034
-0.009949049524670281
-0.012910309590734012
0.0
0.016197003142608822
-0.022307367104979558
-0.009767856186470034
-0.003686045608492848
-0.022307367104979558
-0.009767856186470034
-0.00012150620261333969
-0.022307367104979558
-0.009767856186470034
-0.004737164930778376
-0.009397057514245546
-0.009767856186470034
-0.014943336232867033
-0.009397057514245546
-0.009767856186470034
-0.014943336232867033
-0.012910309590734012
0.0
0.00966948272389196
-0.013252758011334367
-0.07293542883367589
-0.0821886217422713
-0.022307367104979558
-0.009767856186470034
-0.012397882700786587
-0.022307367104979558
-0.009767856186470034
-0.006418168378318433
-0.022307367104979558
-0.009767856186470034
-0.006418168378318433
-0.022307367104979558
-0.009767856186470034
-0.019025573604884726
-0.009397057514245546
-0.009767856186470034
-0.016087651102210394
-0.009397057514245546
-0.009767856186470034
-0.016087651102210394
-0.022307367104979558
-0.009767856186470034
-0.013542197570129949
-0.022307367104979558
-0.009767856186470034
-0.013542197570129949
-0.022307367104979558
-0.009767856186470034
-0.017450045236385277
-0.022307367104979558
-0.009767856186470034
-0.01260901670296544
-0.022307367104979558
-0.009767856186470034
-0.017450045236385277
-0.022307367104979558
-0.009767856186470034
-0.01260901670296544
-0.022307367104979558
-0.009767856186470034
-0.030389287851143403
-0.022307367104979558
-0.009767856186470034
-0.022020974267370264
-0.022307367104979558
-0.009767856186470034
-0.022020974267370264
-0.01965389063316785
-0.07293542883367589
-0.08765167250092522
-0.022307367104979558
-0.009767856186470034
-0.030389287851143403
-0.022307367104979558
-0.009767856186470034
-0.022020974267370264
-0.022307367104979558
-0.009767856186470034
-0.022020974267370264
-0.022307367104979558
-0.009767856186470034
-0.026982397930334693
-0.022307367104979558
-0.009767856186470034
-0.026982397930334693
-0.009397057514245546
-0.009767856186470034
-0.016318509345222162
-0.022307367104979558
-0.009767856186470034
-0.026982397930334693
-0.022307367104979558
-0.009767856186470034
-0.026982397930334693
-0.022307367104979558
-0.009767856186470034
-0.016453247791529506
-0.022307367104979558
-0.009767856186470034
-0.024179213873967705
-0.022307367104979558
-0.009767856186470034
-0.016453247791529506
-0.022307367104979558
-0.009767856186470034
-0.024179213873967705
-0.022307367104979558
-0.009767856186470034
-0.012923256723020062
-0.022307367104979558
-0.009767856186470034
-0.012923256723020062
-0.022307367104979558
-0.009767856186470034
-0.012923256723020062
-0.022307367104979558
-0.009767856186470034
-0.012923256723020062
-0.022307367104979558
-0.009767856186470034
-0.0010511193222855297
-0.022307367104979558
-0.009767856186470034
-0.0010511193222855297
-0.022307367104979558
-0.009767856186470034
-0.0010511193222855297
-0.022307367104979558
-0.009767856186470034
-0.0010511193222855297
-0.022307367104979558
-0.009767856186470034
-0.0010511193222855297
-0.022307367104979558
-0.009767856186470034
-0.0010511193222855297
0.0
-0.009767856186470034
-0.0010511193222855297
-0.012910309590734012
-0.009767856186470034
-0.0010511193222855297
-0.010256833118922313
-0.07293542883367589
-0.06364505067367943
0.0
-0.009767856186470034
-0.0010511193222855297
-0.012910309590734012
-0.009767856186470034
-0.0010511193222855297
0.0
0.0
-0.0010511193222855297
0.0
0.0
-0.0010511193222855297
0.0
0.0
-0.0010511193222855297
0.0
0.0
-0.0010511193222855297
0.0
0.0
-0.0010511193222855297
0.0
0.0
0.0
0.0
0.0
0.0
0.0
0.0
0.0
0.0
0.0
0.0
0.0
0.0
0.0
0.0
0.0
0.0
0.0
0.0
0.0
0.0
0.0
0.0
-0.009119007572856299
-0.06316757264720585
-0.06792627323489434
0.009367492235764842
0.0
0.0
0.021214103016185676
0.0
0.0
0.0063876075794870955
0.0
0.0
0.012197335878416668
0.0
0.0
0.00474452348247624
0.0
0.0
-0.036728445832069946
0.0
0.0
-0.024641696497926305
0.0
0.0
-0.022104345230988757
-0.0005618653806276796
0.0
-0.024641696497926305
-0.019793090198097687
0.0
-0.024641696497926305
-0.019793090198097687
0.0
-0.024641696497926305
-0.019793090198097687
0.0
-0.022104345230988757
-0.019793090198097687
0.0
-0.008387968055277924
0.0
0.0
-0.008387968055277924
-0.004025207387023073
0.0
-0.008387968055277924
-0.004025207387023073
0.0
-0.008387968055277924
-0.004025207387023073
0.0
-0.009830299290409458
-0.00029881934846166303
0.0
-0.009830299290409458
0.0112209109359668
0.0
-0.009830299290409458
0.018424922117726616
0.0
-0.009830299290409458
0.012749246743668542
0.0
-0.009830299290409458
0.012749246743668542
0.0
-0.009830299290409458
0.018424922117726616
0.0
-0.006522495473997481
-0.00029881934846166303
0.0
-0.006522495473997481
0.0112209109359668
0.0
-0.006522495473997481
0.0112209109359668
0.0
-0.006522495473997481
0.0112209109359668
0.0
-0.005578216650039067
-7.14244829177345e-05
0.0
-0.005578216650039067
-0.0005618653806276796
0.0
-0.005578216650039067
-0.0005618653806276796
0.0
-0.005578216650039067
-7.14244829177345e-05
0.0
0.0
-0.019793090198097687
0.0
0.0
-0.004025207387023073
0.0
0.0
-0.00029881934846166303
0.0
0.0
0.0028160591398120973
0.0
0.0
0.013048066092130207
0.0
0.0
0.011519730284428462
0.0
0.0
0.00311487848827376
0.0
0.0
0.002605990008476198
0.0
0.0
0.002605990008476198
0.0
0.0
-0.019231224817470007
0.0
0.0
0.0015283358077017445
0.0
-0.07046545652445349
0.0
0.0
0.002370544468037608
0.0
0.0
0.0010419078457677249
0.0
0.0
-0.07399152951017517
0.0
0.023566922565708453
-0.07399152951017517
0.0
0.020391630985023106
-0.07399152951017517
0.0
0.02347221157347363
-0.07399152951017517
0.0
0.02347221157347363
-0.07418014097930037
0.0
0.020391630985023106
-0.07418014097930037
0.0
0.013966024340999611
-0.07418014097930037
0.0
0.023566922565708453
-0.07418014097930037
0.0
0.020391630985023106
-0.07492749465711793
0.0
0.011121462181970828
-0.07492749465711793
0.0
0.007671432171849447
-0.07492749465711793
0.0
0.013966024340999611
-0.07492749465711793
0.0
0.011121462181970828
0.0
0.0
0.003450030010121381
0.0
0.0
0.002844562159028783
0.0
0.0
0.006425606644023496
0.0
0.0
0.0030805805884505234
0.0
0.0
0.003175291580685347
0.0
0.0
-9.471099223482327e-05
0.0
0.0
0.0008834218796234339
0.0
0.0
-0.01811627263286507
0.0
0.0
-0.017826615465432523
0.0
0.0
-0.008626294441172286
0.0
-0.01769043446425922
-0.0013928422908933411
0.0
-0.01769043446425922
-0.007876636381408347
0.0
-0.01769043446425922
-0.0016154386136213
0.0
-0.01769043446425922
0.0024782900828761367
0.0
-0.01769043446425922
-0.002137368645288901
0.0
-0.01769043446425922
0.003842345677179254
0.0
-0.01769043446425922
0.006483794090515006
0.0
-0.01769043446425922
0.0
0.0
-0.01769043446425922
0.014524777375019872
0.0
-0.01769043446425922
0.010354926464284486
0.0
0.0
0.014524777375019872
0.0
0.0
0.0057392677361194485
0.0
0.0
0.00626119776778705
0.0
0.0
0.015007556070814415
0.0
0.0
0.01646602508968556
0.0
0.0
0.016243428766957602
0.0
0.0
0.016243428766957602
0.0
0.0
0.016243428766957602
0.0
0.0
0.021709541869858635
0.0
0.0
0.021709541869858635
0.0
0.0
0.008645578205845866
0.0
0.0
0.013532378790835263
0.0
0.0
-0.0016884097101553764
0.0
0.0
-0.0016884097101553764
0.0
0.0
0.004886800584989396
0.0
0.0
-0.00022259632272795832
0.0
0.0
0.0038711323737694774
0.0
0.0
0.005235187968072595
-0.012910309590734012
0.0
0.004038146759896045
0.0
0.0
0.008746358303027365
0.0
0.0
0.004093728696497437
0.0
0.0
0.01029881282422039
-0.012910309590734012
0.0
0.008525167854548599
0.0
0.0
0.005483376034754778
-0.012910309590734012
0.0
0.0025454535320804453
-0.012910309590734012
0.0
0.0025454535320804453
0.0
0.0
0.0
0.0
0.0
0.0
0.0
0.0
0.0
0.0
0.0
0.0
0.0
0.0
0.0
0.008478153749969835
0.0
-0.011106070232989112
0.01962507032451896
0.0
0.0
0.008297475920519303
0.0
0.0
0.003524745766072286
0.0
0.0
0.009717137203735291
0.0
0.0
0.006060207947618324
0.0
0.0
0.006365292995401575
0.0
0.0
0.0
0.0
0.0
0.0
0.0
0.0
0.0
0.0
0.0
0.0
0.0
0.0
0.0
0.0
0.0
0.0
0.0
0.0
0.0
0.0
0.0
0.0
0.0
0.0
0.0
0.0
0.0
0.0
0.0
0.0
0.0
0.0
0.0
0.0
0.0
0.0
0.0
0.0
0.0
0.0
0.0
0.0
0.0
0.0
0.0
0.0
0.0
0.0
0.0
0.0
0.0
0.0
0.0
0.0
0.0
0.0
0.0
0.0
0.0
0.0
0.0
0.0
0.0
0.0
0.0
0.0
0.0
0.0
0.0
0.0
0.0
0.0
0.0
0.0
0.0
0.0
0.0
0.0
0.0
0.0
0.0
0.0
0.0
0.0
0.0
0.0
0.0
0.0
0.0
0.0
0.0
0.0
0.0
0.0
0.0
0.0
0.0
0.0
0.0
0.0
0.0
0.0
0.0
0.0
0.0
0.0
0.0
0.0
0.0
0.0
0.0
0.0
0.0
0.0
0.0
0.0
0.0
0.0
0.0
0.0
0.0
0.0
0.0
0.0
0.0
0.0
0.0
0.0
0.0
0.0
0.0
0.0
0.0
0.0
0.0
0.0
0.0
0.0
0.0
0.0
0.0
0.0
0.0
0.0
0.0
0.0
0.0
0.0
0.0
0.0
0.0
0.0
0.0
0.0
0.0
0.0
0.0
0.0
0.0
0.0
0.0
0.0
0.0
0.0
0.0
0.0
0.0
0.0
0.0
0.0
0.0
0.0
0.0
0.0
0.0
0.0
0.0
0.0
0.0
0.0
0.0
0.0
0.0
0.0
0.0
0.0
0.0
0.0
0.0
0.0
0.0
0.0
0.0
0.0
0.0
0.0
0.0
0.0
0.0
0.0
0.0
0.0
0.0
0.0
0.0
0.0
0.0
0.0
0.0
0.0
0.0
0.0
0.0
0.0
0.0
0.0
0.0
0.0
0.0
0.0
0.0
0.0
0.0
0.0
0.0
0.0
0.0
0.0
0.0
0.0
0.0
0.0
0.0
0.0
0.0
0.0
0.0
0.0
0.0
0.0
0.0
0.0
0.0
0.0
0.0
0.0
0.0
0.0
0.0
0.0
0.0
0.0
0.0
0.0
0.0
0.0
0.0
0.0
0.0
0.0
0.0
0.0
0.0
0.0
0.0
0.0
0.0
0.0
0.0
0.0
0.0
0.0
0.0
0.0
0.0
0.0
0.0
0.0
0.0
0.0
0.0
0.0
0.0
0.0
0.0
0.0
0.0
0.0
0.0
0.0
0.0
0.0
0.0
0.0
0.0
0.0
0.0
0.0
0.0
0.0
0.0
0.0
0.0
0.0
0.0
0.0
0.0
0.0
0.0
0.0
0.0
0.0
0.0
0.0
0.0
0.0
0.0
0.0
0.0
0.0
0.0
0.0
0.0
0.0
0.0
0.0
0.0
0.0
0.0
0.0
0.0
0.0
0.0
0.0
0.0
0.0
0.0
0.0
0.0
0.0
0.0
0.0
0.0
0.0
0.0
0.0
0.0
0.0
0.0
0.0
0.0
0.0
0.0
0.0
0.0
0.0
0.0
0.0
0.0
0.0
0.0
0.0
0.0
0.0
0.0
0.0
0.0
0.0
0.0
0.0
0.0
0.0
0.0
0.0
0.0
0.0
0.0
0.0
0.0
0.0
0.0
0.0
0.0
0.0
0.0
0.0
0.0
0.0
0.0
0.0
0.0
0.0
0.0
0.0
0.0
0.0
0.0
0.0
0.0
0.0
0.0
0.0
0.0
0.0
0.0
0.0
0.0
0.0
0.0
0.0
0.0
0.0
0.0
0.0
0.0
0.0
0.0
0.0
0.0
0.0
0.0
0.0
0.0
0.0
0.0
0.0
0.0
0.0
0.0
0.0
0.0
0.0
0.0
0.0
0.0
0.0
0.0
0.0
0.0
0.0
0.0
0.0
0.0
0.0
0.0
0.0
0.0
0.0
0.0
0.0
0.0
0.0
0.0
0.0
0.0
0.0
0.0
0.0
0.0
0.0
0.0
0.0
0.0
0.0
0.0
0.0
0.0
0.0
0.0
0.0
0.0
0.0
0.0
0.0
0.0
0.0
0.0
0.0
0.0
0.0
0.0
0.0
0.0
0.0
0.0
0.0
0.0
0.0
0.0
0.0
0.0
0.0
0.0
0.0
0.0
0.0
0.0
0.0
0.0
0.0
0.0
0.0
0.0
0.0
0.0
0.0
0.0
0.0
0.0
0.0
0.0
0.0
0.0
0.0
0.0
0.0
0.0
0.0
0.0
0.0
0.0
0.0
0.0
0.0
0.0
0.0
0.0
0.0
0.0
0.0
0.0
0.0
0.0
0.0
0.0
0.0
0.0
0.0
0.0
0.0
0.0
0.0
0.0
0.0
0.0
0.0
0.0
0.0
0.0
0.0
0.0
0.0
0.0
0.0
0.0
0.0
0.0
0.0
0.0
0.0
0.0
0.0
0.0
0.0
0.0
0.0
0.0
0.0
0.0
0.0
0.0
0.0
0.0
0.0
0.0
0.0
0.0
0.0
0.0
0.0
0.0
0.0
0.0
0.0
0.0
0.0
0.0
0.0
0.0
0.0
0.0
0.0
0.0
0.0
0.0
0.0
0.0
0.0
0.0
0.0
0.0
0.0
0.0
0.0
0.0
0.0
0.0
0.0
0.0
0.0
0.0
0.0
0.0
0.0
0.0
0.0
0.0
0.0
0.0
0.0
0.0
0.0
0.0
0.0
0.0
0.0
0.0
0.0
0.0
0.0
0.0
0.0
0.0
0.0
0.0
0.0
0.0
0.0
0.0
0.0
0.0
0.0
0.0
0.0
0.0
0.0
0.0
0.0
0.0
0.0
0.0
0.0
0.0
0.0
0.0
0.0
0.0
0.0
0.0
0.0
0.0
0.0
0.0
0.0
0.0
0.0
0.0
0.0
0.0
0.0
0.0
0.0
0.0
0.0
0.0
0.0
0.0
0.0
0.0
0.0
0.0
0.0
0.0
0.0
0.0
0.0
0.0
0.0
0.0
0.0
0.0
0.0
0.0
0.0
0.0
0.0
0.0
0.0
0.0
0.0
0.0
0.0
0.0
0.0
0.0
0.0
0.0
0.0
0.0
0.0
0.0
0.0
0.0
0.0
0.0
0.0
0.0
0.0
0.0
0.0
0.0
0.0
0.0
0.0
0.0
0.0
0.0
0.0
0.0
0.0
0.0
0.0
0.0
0.0
0.0
0.0
0.0
0.0
0.0
0.0
0.0
0.0
0.0
0.0
0.0
0.0
0.0
0.0
0.0
0.0
0.0
0.0
0.0
0.0
0.0
0.0
0.0
0.0
0.0
0.0
0.0
0.0
0.0
0.0
0.0
0.0
0.0
0.0
0.0
0.0
0.0
0.0
0.0
0.0
0.0
0.0
0.0
0.0
0.0
0.0
0.0
0.0
0.0
0.0
0.0
0.0
0.0
0.0
0.0
0.0
0.0
0.0
0.0
0.0
0.0
0.0
0.0
0.0
0.0
0.0
0.0
0.0
0.0
0.0
0.0
0.0
0.0
0.0
0.0
0.0
0.0
0.0
0.0
0.0
0.0
0.0
0.0
0.0
0.0
0.0
0.0
0.0
0.0
0.0
0.0
0.0
0.0
0.0
0.0
0.0
0.0
0.0
0.0
0.0
0.0
0.0
0.0
0.0
0.0
0.0
0.0
0.0
0.0
0.0
0.0
0.0
0.0
0.0
0.0
0.0
0.0
0.0
0.0
0.0
0.0
0.0
0.0
0.0
0.0
0.0
0.0
0.0
0.0
0.0
0.0
0.0
0.0
0.0
0.0
0.0
0.0
0.0
0.0
0.0
0.0
0.0
0.0
0.0
0.0
0.0
0.0
0.0
0.0
0.0
0.0
0.0
0.0
0.0
0.0
0.0
0.0
0.0
0.0
0.0
0.0
0.0
0.0
0.0
0.0
0.0
0.0
0.0
0.0
0.0
0.0
0.0
0.0
0.0
0.0
0.0
0.0
0.0
0.0
0.0
0.0
0.0
0.0
0.0
0.0
0.0
0.0
0.0
0.0
0.0
0.0
0.0
0.0
0.0
0.0
0.0
0.0
0.0
0.0
0.0
0.0
0.0
0.0
0.0
0.0
0.0
0.0
0.0
0.0
0.0
0.0
0.0
0.0
0.0
0.0
0.0
0.0
0.0
0.0
0.0
0.0
0.0
0.0
0.0
0.0
0.0
0.0
0.0
0.0
0.0
0.0
0.0
0.0
0.0
0.0
0.0
0.0
0.0
0.0
0.0
0.0
0.0
0.0
0.0
0.0
0.0
0.0
0.0
0.0
0.0
0.0
0.0
0.0
0.0
0.0
0.0
0.0
0.0
0.0
0.0
0.0
0.0
0.0
0.0
0.0
0.0
0.0
0.0
0.0
0.0
0.0
0.0
0.0
0.0
0.0
0.0
0.0
0.0
0.0
0.0
0.0
0.0
0.0
0.0
0.0
0.0
0.0
0.0
0.0
0.0
0.0
0.0
0.0
0.0
0.0
0.0
0.0
0.0
0.0
0.0
0.0
0.0
0.0
0.0
0.0
0.0
0.0
0.0
0.0
0.0
0.0
0.0
0.0
0.0
0.0
0.0
0.0
0.0
0.0
0.0
0.0
0.0
0.0
0.0
0.0
0.0
0.0
0.0
0.0
0.0
0.0
0.0
0.0
0.0
0.0
0.0
0.0
0.0
0.0
0.0
0.0
0.0
0.0
0.0
0.0
0.0
0.0
0.0
0.0
0.0
0.0
0.0
0.0
0.0
0.0
0.0
0.0
0.0
0.0
0.0
0.0
0.0
0.0
0.0
0.0
0.0
0.0
0.0
0.0
0.0
0.0
0.0
0.0
0.0
0.0
0.0
0.0
0.0
0.0
0.0
0.0
0.0
0.0
0.0
0.0
0.0
0.0
0.0
0.0
0.0
0.0
0.0
0.0
0.0
0.0
0.0
0.0
0.0
0.0
0.0
0.0
0.0
0.0
0.0
0.0
0.0
0.0
0.0
0.0
0.0
0.0
0.0
0.0
0.0
0.0
0.0
0.0
0.0
0.0
0.0
0.0
0.0
0.0
0.0
0.0
0.0
0.0
0.0
0.0
0.0
0.0
0.0
0.0
0.0
0.0
0.0
0.0
0.0
0.0
0.0
0.0
0.0
0.0
0.0
0.0
0.0
0.0
0.0
0.0
0.0
0.0
0.0
0.0
0.0
0.0
0.0
0.0
0.0
0.0
0.0
0.0
0.0
0.0
0.0
0.0
0.0
0.0
0.0
0.0
0.0
0.0
0.0
0.0
0.0
0.0
0.0
0.0
0.0
0.0
0.0
0.0
0.0
0.0
0.0
0.0
0.0
0.0
0.0
0.0
0.0
0.0
0.0
0.0
0.0
0.0
0.0
0.0
0.0
0.0
0.0
0.0
0.0
0.0
0.0
0.0
0.0
0.0
0.0
0.0
0.0
0.0
0.0
0.0
0.0
0.0
0.0
0.0
0.0
0.0
0.0
0.0
0.0
0.0
0.0
0.0
0.0
0.0
0.0
0.0
0.0
0.0
0.0
0.0
0.0
0.0
0.0
0.0
0.0
0.0
0.0
0.0
0.0
0.0
0.0
0.0
0.0
0.0
0.0
0.0
0.0
0.0
0.0
0.0
0.0
0.0
0.0
0.0
0.0
0.0
0.0
0.0
0.0
0.0
0.0
0.0
0.0
0.0
0.0
0.0
0.0
0.0
0.0
0.0
0.0
0.0
0.0
0.0
0.0
0.0
0.0
0.0
0.0
0.0
0.0
0.0
0.0
0.0
0.0
0.0
0.0
0.0
0.0
0.0
0.0
0.0
0.0
0.0
0.0
0.0
0.0
0.0
0.0
0.0
0.0
0.0
0.0
0.0
0.0
0.0
0.0
0.0
0.0
0.0
0.0
0.0
0.0
0.0
0.0
0.0
0.0
0.0
0.0
0.0
0.0
0.0
0.0
0.0
0.0
0.0
0.0
0.0
0.0
0.0
0.0
0.0
0.0
0.0
0.0
0.0
0.0
0.0
0.0
0.0
0.0
0.0
0.0
0.0
0.0
0.0
0.0
0.0
0.0
0.0
0.0
0.0
0.0
0.0
0.0
0.0
0.0
0.0
0.0
0.0
0.0
0.0
0.0
0.0
0.0
0.0
0.0
0.0
0.0
0.0
0.0
0.0
0.0
0.0
0.0
0.0
0.0
0.0
0.0
0.0
0.0
0.0
0.0
0.0
0.0
0.0
0.0
0.0
0.0
0.0
0.0
0.0
0.0
0.0
0.0
0.0
0.0
0.0
0.0
0.0
0.0
0.0
0.0
0.0
0.0
0.0
0.0
0.0
0.0
0.0
0.0
0.0
0.0
0.0
0.0
0.0
0.0
0.0
0.0
0.0
0.0
0.0
0.0
0.0
0.0
0.0
0.0
0.0
0.0
0.0
0.0
0.0
0.0
0.0
0.0
0.0
0.0
0.0
0.0
0.0
0.0
0.0
0.0
0.0
0.0
0.0
0.0
0.0
0.0
0.0
0.0
0.0
0.0
0.0
0.0
0.0
0.0
0.0
0.0
0.0
0.0
0.0
0.0
0.0
0.0
0.0
0.0
0.0
0.0
0.0
0.0
0.0
0.0
0.0
0.0
0.0
0.0
0.0
0.0
0.0
0.0
0.0
0.0
0.0
0.0
0.0
0.0
0.0
0.0
0.0
0.0
0.0
0.0
0.0
0.0
0.0
0.0
0.0
0.0
0.0
0.0
0.0
0.0
0.0
0.0
0.0
0.0
0.0
0.0
0.0
0.0
0.0
0.0
0.0
0.0
0.0
0.0
0.0
0.0
0.0
0.0
0.0
0.0
0.0
0.0
0.0
0.0
0.0
0.0
0.0
0.0
0.0
0.0
0.0
0.0
0.0
0.0
0.0
0.0
0.0
0.0
0.0
0.0
0.0
0.0
0.0
0.0
0.0
0.0
0.0
0.0
0.0
0.0
0.0
0.0
0.0
0.0
0.0
0.0
0.0
0.0
0.0
0.0
0.0
0.0
0.0
0.0
0.0
0.0
0.0
0.0
0.0
0.0
0.0
0.0
0.0
0.0
0.0
0.0
0.0
0.0
0.0
0.0
0.0
0.0
0.0
0.0
0.0
0.0
0.0
0.0
0.0
0.0
0.0
0.0
0.0
0.0
0.0
0.0
0.0
0.0
0.0
0.0
0.0
0.0
0.0
0.0
0.0
0.0
0.0
0.0
0.0
0.0
0.0
0.0
0.0
0.0
0.0
0.0
0.0
0.0
0.0
0.0
0.0
0.0
0.0
0.0
0.0
0.0
0.0
0.0
0.0
0.0
0.0
0.0
0.0
0.0
0.0
0.0
0.0
0.0
0.0
0.0
0.0
0.0
0.0
0.0
0.0
0.0
0.0
0.0
0.0
0.0
0.0
0.0
0.0
0.0
0.0
0.0
0.0
0.0
0.0
0.0
0.0
0.0
0.0
0.0
0.0
0.0
0.0
0.0
0.0
0.0
0.0
0.0
0.0
0.0
0.0
0.0
0.0
0.0
0.0
0.0
0.0
0.0
0.0
0.0
0.0
0.0
0.0
0.0
0.0
0.0
0.0
0.0
0.0
0.0
0.0
0.0
0.0
0.0
0.0
0.0
0.0
0.0
0.0
0.0
0.0
0.0
0.0
0.0
0.0
0.0
0.0
0.0
0.0
0.0
0.0
0.0
0.0
0.0
0.0
0.0
0.0
0.0
0.0
0.0
0.0
0.0
0.0
0.0
0.0
0.0
0.0
0.0
0.0
0.0
0.0
0.0
0.0
0.0
0.0
0.0
0.0
0.0
0.0
0.0
0.0
0.0
0.0
0.0
0.0
0.0
0.0
0.0
0.0
0.0
0.0
0.0
0.0
0.0
0.0
0.0
0.0
0.0
0.0
0.0
0.0
0.0
0.0
0.0
0.0
0.0
0.0
0.0
0.0
0.0
0.0
0.0
0.0
0.0
0.0
0.0
0.0
0.0
0.0
0.0
0.0
0.0
0.0
0.0
0.0
0.0
0.0
0.0
0.0
0.0
0.0
0.0
0.0
0.0
0.0
0.0
0.0
0.0
0.0
0.0
0.0
0.0
0.0
0.0
0.0
0.0
0.0
0.0
0.0
0.0
0.0
0.0
0.0
0.0
0.0
0.0
0.0
0.0
0.0
0.0
0.0
0.0
0.0
0.0
0.0
0.0
0.0
0.0
0.0
0.0
0.0
0.0
0.0
0.0
0.0
0.0
0.0
0.0
0.0
0.0
0.0
0.0
0.0
0.0
0.0
0.0
0.0
0.0
0.0
0.0
0.0
0.0
0.0
0.0
0.0
0.0
0.0
0.0
0.0
0.0
0.0
0.0
0.0
0.0
0.0
0.0
0.0
0.0
0.0
0.0
0.0
0.0
0.0
0.0
0.0
0.0
0.0
0.0
0.0
0.0
0.0
0.0
0.0
0.0
0.0
0.0
0.0
0.0
0.0
0.0
0.0
0.0
0.0
0.0
0.0
0.0
0.0
0.0
0.0
0.0
0.0
0.0
0.0
0.0
0.0
0.0
0.0
0.0
0.0
0.0
0.0
0.0
0.0
0.0
0.0
0.0
0.0
0.0
0.0
0.0
0.0
0.0
0.0
0.0
0.0
0.0
0.0
0.0
0.0
0.0
0.0
0.0
0.0
0.0
0.0
0.0
0.0
0.0
0.0
0.0
0.0
0.0
0.0
0.0
0.0
0.0
0.0
0.0
0.0
0.0
0.0
0.0
0.0
0.0
0.0
0.0
0.0
0.0
0.0
0.0
0.0
0.0
0.0
0.0
0.0
0.0
0.0
0.0
0.0
0.0
0.0
0.0
0.0
0.0
0.0
0.0
0.0
0.0
0.0
0.0
0.0
0.0
0.0
0.0
0.0
0.0
0.0
0.0
0.0
0.0
0.0
0.0
0.0
0.0
0.0
0.0
0.0
0.0
0.0
0.0
0.0
0.0
0.0
0.0
0.0
0.0
0.0
0.0
0.0
0.0
0.0
0.0
0.0
0.0
0.0
0.0
0.0
0.0
0.0
0.0
0.0
0.0
0.0
0.0
0.0
0.0
0.0
0.0
0.0
0.0
0.0
0.0
0.0
0.0
0.0
0.0
0.0
0.0
0.0
0.0
0.0
0.0
0.0
0.0
0.0
0.0
0.0
0.0
0.0
0.0
0.0
0.0
0.0
0.0
0.0
0.0
0.0
0.0
0.0
0.0
0.0
0.0
0.0
0.0
0.0
0.0
0.0
0.0
0.0
0.0
0.0
0.0
0.0
0.0
0.0
0.0
0.0
0.0
0.0
0.0
0.0
0.0
0.0
0.0
0.0
0.0
0.0
0.0
0.0
0.0
0.0
0.0
0.0
0.0
0.0
0.0
0.0
0.0
0.0
0.0
0.0
0.0
0.0
0.0
0.0
0.0
0.0
0.0
0.0
0.0
0.0
0.0
0.0
0.0
0.0
0.0
0.0
0.0
0.0
0.0
0.0
0.0
0.0
0.0
0.0
0.0
0.0
0.0
0.0
0.0
0.0
0.0
0.0
0.0
0.0
0.0
0.0
0.0
0.0
0.0
0.0
0.0
0.0
0.0
0.0
0.0
0.0
0.0
0.0
0.0
0.0
0.0
0.0
0.0
0.0
0.0
0.0
0.0
0.0
0.0
0.0
0.0
0.0
0.0
0.0
0.0
0.0
0.0
0.0
0.0
0.0
0.0
0.0
0.0
0.0
0.0
0.0
0.0
0.0
0.0
0.0
0.0
0.0
0.0
0.0
0.0
0.0
0.0
0.0
0.0
0.0
0.0
0.0
0.0
0.0
0.0
0.0
0.0
0.0
0.0
0.0
0.0
0.0
0.0
0.0
0.0
0.0
0.0
0.0
0.0
0.0
0.0
0.0
0.0
0.0
0.0
0.0
0.0
0.0
0.0
0.0
0.0
0.0
0.0
0.0
0.0
0.0
0.0
0.0
0.0
0.0
0.0
0.0
0.0
0.0
0.0
0.0
0.0
0.0
0.0
0.0
0.0
0.0
0.0
0.0
0.0
0.0
0.0
0.0
0.0
0.0
0.0
0.0
0.0
0.0
0.0
0.0
0.0
0.0
0.0
0.0
0.0
0.0
0.0
0.0
0.0
0.0
0.0
0.0
0.0
0.0
0.0
0.0
0.0
0.0
0.0
0.0
0.0
0.0
0.0
0.0
0.0
0.0
0.0
0.0
0.0
0.0
0.0
0.0
0.0
0.0
0.0
0.0
0.0
0.0
0.0
0.0
0.0
0.0
0.0
0.0
0.0
0.0
0.0
0.0
0.0
0.0
0.0
0.0
0.0
0.0
0.0
0.0
0.0
0.0
0.0
0.0
0.0
0.0
0.0
0.0
0.0
0.0
0.0
0.0
0.0
0.0
0.0
0.0
0.0
0.0
0.0
0.0
0.0
0.0
0.0
0.0
0.0
0.0
0.0
0.0
0.0
0.0
0.0
0.0
0.0
0.0
0.0
0.0
0.0
0.0
0.0
0.0
0.0
0.0
0.0
0.0
0.0
0.0
0.0
0.0
0.0
0.0
0.0
0.0
0.0
0.0
0.0
0.0
0.0
0.0
0.0
0.0
0.0
0.0
0.0
0.0
0.0
0.0
0.0
0.0
0.0
0.0
0.0
0.0
0.0
0.0
0.0
0.0
0.0
0.0
0.0
0.0
0.0
0.0
0.0
0.0
0.0
0.0
0.0
0.0
0.0
0.0
0.0
0.0
0.0
0.0
0.0
0.0
0.0
0.0
0.0
0.0
0.0
0.0
0.0
0.0
0.0
0.0
0.0
0.0
0.0
0.0
0.0
0.0
0.0
0.0
0.0
0.0
0.0
0.0
0.0
0.0
0.0
0.0
0.0
0.0
0.0
0.0
0.0
0.0
0.0
0.0
0.0
0.0
0.0
0.0
0.0
0.0
0.0
0.0
0.0
0.0
0.0
0.0
0.0
0.0
0.0
0.0
0.0
0.0
0.0
0.0
0.0
0.0
0.0
0.0
0.0
0.0
0.0
0.0
0.0
0.0
0.0
0.0
0.0
0.0
0.0
0.0
0.0
0.0
0.0
0.0
0.0
0.0
0.0
0.0
0.0
0.0
0.0
0.0
0.0
0.0
0.0
0.0
0.0
0.0
0.0
0.0
0.0
0.0
0.0
0.0
0.0
0.0
0.0
0.0
0.0
0.0
0.0
0.0
0.0
0.0
0.0
0.0
0.0
0.0
0.0
0.0
0.0
0.0
0.0
0.0
0.0
0.0
0.0
0.0
0.0
0.0
0.0
0.0
0.0
0.0
0.0
0.0
0.0
0.0
0.0
0.0
0.0
0.0
0.0
0.0
0.0
0.0
0.0
0.0
0.0
0.0
0.0
0.0
0.0
0.0
0.0
0.0
0.0
0.0
0.0
0.0
0.0
0.0
0.0
0.0
0.0
0.0
0.0
0.0
0.0
0.0
0.0
0.0
0.0
0.0
0.0
0.0
0.0
0.0
0.0
0.0
0.0
0.0
0.0
0.0
0.0
0.0
0.0
0.0
0.0
0.0
0.0
0.0
0.0
0.0
0.0
0.0
0.0
0.0
0.0
0.0
0.0
0.0
0.0
0.0
0.0
0.0
0.0
0.0
0.0
0.0
0.0
0.0
0.0
0.0
0.0
0.0
0.0
0.0
0.0
0.0
0.0
0.0
0.0
0.0
0.0
0.0
0.0
0.0
0.0
0.0
0.0
0.0
0.0
0.0
0.0
0.0
0.0
0.0
0.0
0.0
0.0
0.0
0.0
0.0
0.0
0.0
0.0
0.0
0.0
0.0
0.0
0.0
0.0
0.0
0.0
0.0
0.0
0.0
0.0
0.0
0.0
0.0
0.0
0.0
0.0
0.0
0.0
0.0
0.0
0.0
0.0
0.0
0.0
0.0
0.0
0.0
0.0
0.0
0.0
0.0
0.0
0.0
0.0
0.0
0.0
0.0
0.0
0.0
0.0
0.0
0.0
0.0
0.0
0.0
0.0
0.0
0.0
0.0
0.0
0.0
0.0
0.0
0.0
0.0
0.0
0.0
0.0
0.0
0.0
0.0
0.0
0.0
0.0
0.0
0.0
0.0
0.0
0.0
0.0
0.0
0.0
0.0
0.0
0.0
0.0
0.0
0.0
0.0
0.0
0.0
0.0
0.0
0.0
0.0
0.0
0.0
0.0
0.0
0.0
0.0
0.0
0.0
0.0
0.0
0.0
0.0
0.0
0.0
0.0
0.0
0.0
0.0
0.0
0.0
0.0
0.0
0.0
0.0
0.0
0.0
0.0
0.0
0.0
0.0
0.0
0.0
0.0
0.0
0.0
0.0
0.0
0.0
0.0
0.0
0.0
0.0
0.0
0.0
0.0
0.0
0.0
0.0
0.0
0.0
0.0
0.0
0.0
0.0
0.0
0.0
0.0
0.0
0.0
0.0
0.0
0.0
0.0
0.0
0.0
0.0
0.0
0.0
0.0
0.0
0.0
0.0
0.0
0.0
0.0
0.0
0.0
0.0
0.0
0.0
0.0
0.0
0.0
0.0
0.0
0.0
0.0
0.0
0.0
0.0
0.0
0.0
0.0
0.0
0.0
0.0
0.0
0.0
0.0
0.0
0.0
0.0
0.0
0.0
0.0
0.0
0.0
0.0
0.0
0.0
0.0
0.0
0.0
0.0
0.0
0.0
0.0
0.0
0.0
0.0
0.0
0.0
0.0
0.0
0.0
0.0
0.0
0.0
0.0
0.0
0.0
0.0
0.0
0.0
0.0
0.0
0.0
0.0
0.0
0.0
0.0
0.0
0.0
0.0
0.0
0.0
0.0
0.0
0.0
0.0
0.0
0.0
0.0
0.0
0.0
0.0
0.0
0.0
0.0
0.0
0.0
0.0
0.0
0.0
0.0
0.0
0.0
0.0
0.0
0.0
0.0
0.0
0.0
0.0
0.0
0.0
0.0
0.0
0.0
0.0
0.0
0.0
0.0
0.0
0.0
0.0
0.0
0.0
0.0
0.0
0.0
0.0
0.0
0.0
0.0
0.0
0.0
0.0
0.0
0.0
0.0
0.0
0.0
0.0
0.0
0.0
0.0
0.0
0.0
0.0
0.0
0.0
0.0
0.0
0.0
0.0
0.0
0.0
0.0
0.0
0.0
0.0
0.0
0.0
0.0
0.0
0.0
0.0
0.0
0.0
0.0
0.0
0.0
0.0
0.0
0.0
0.0
0.0
0.0
0.0
0.0
0.0
0.0
0.0
0.0
0.0
0.0
0.0
0.0
0.0
0.0
0.0
0.0
0.0
0.0
0.0
0.0
0.0
0.0
0.0
0.0
0.0
0.0
0.0
0.0
0.0
0.0
0.0
0.0
0.0
0.0
0.0
0.0
0.0
0.0
0.0
0.0
0.0
0.0
0.0
0.0
0.0
0.0
0.0
0.0
0.0
0.0
0.0
0.0
0.0
0.0
0.0
0.0
0.0
0.0
0.0
0.0
0.0
0.0
0.0
0.0
0.0
0.0
0.0
0.0
0.0
0.0
0.0
0.0
0.0
0.0
0.0
0.0
0.0
0.0
0.0
0.0
0.0
0.0
0.0
0.0
0.0
0.0
0.0
0.0
0.0
0.0
0.0
0.0
0.0
0.0
0.0
0.0
0.0
0.0
0.0
0.0
0.0
0.0
0.0
0.0
0.0
0.0
0.0
0.0
0.0
0.0
0.0
0.0
0.0
0.0
0.0
0.0
0.0
0.0
0.0
0.0
0.0
0.0
0.0
0.0
0.0
0.0
0.0
0.0
0.0
0.0
0.0
0.0
0.0
0.0
0.0
0.0
0.0
0.0
0.0
0.0
0.0
0.0
0.0
0.0
0.0
0.0
0.0
0.0
0.0
0.0
0.0
0.0
0.0
0.0
0.0
0.0
0.0
0.0
0.0
0.0
0.0
0.0
0.0
0.0
0.0
0.0
0.0
0.0
0.0
0.0
0.0
0.0
0.0
0.0
0.0
0.0
0.0
0.0
0.0
0.0
0.0
0.0
0.0
0.0
0.0
0.0
0.0
0.0
0.0
0.0
0.0
0.0
0.0
0.0
0.0
0.0
0.0
0.0
0.0
0.0
0.0
0.0
0.0
0.0
0.0
0.0
0.0
0.0
0.0
0.0
0.0
0.0
0.0
0.0
0.0
0.0
0.0
0.0
0.0
0.0
0.0
0.0
0.0
0.0
0.0
0.0
0.0
0.0
0.0
0.0
0.0
0.0
0.0
0.0
0.0
0.0
0.0
0.0
0.0
0.0
0.0
0.0
0.0
0.0
0.0
0.0
0.0
0.0
0.0
0.0
0.0
0.0
0.0
0.0
0.0
0.0
0.0
0.0
0.0
0.0
0.0
0.0
0.0
0.0
0.0
0.0
0.0
0.0
0.0
0.0
0.0
0.0
0.0
0.0
0.0
0.0
0.0
0.0
0.0
0.0
0.0
0.0
0.0
0.0
0.0
0.0
0.0
0.0
0.0
0.0
0.0
0.0
0.0
0.0
0.0
0.0
0.0
0.0
0.0
0.0
0.0
0.0
0.0
0.0
0.0
0.0
0.0
0.0
0.0
0.0
0.0
0.0
0.0
0.0
0.0
0.0
0.0
0.0
0.0
0.0
0.0
0.0
0.0
0.0
0.0
0.0
0.0
0.0
0.0
0.0
0.0
0.0
0.0
0.0
0.0
0.0
0.0
0.0
0.0
0.0
0.0
0.0
0.0
0.0
0.0
0.0
0.0
0.0
0.0
0.0
0.0
0.0
0.0
0.0
0.0
0.0
0.0
0.0
0.0
0.0
0.0
0.0
0.0
0.0
0.0
0.0
0.0
0.0
0.0
0.0
0.0
0.0
0.0
0.0
0.0
0.0
0.0
0.0
0.0
0.0
0.0
0.0
0.0
0.0
0.0
0.0
0.0
0.0
0.0
0.0
0.0
0.0
0.0
0.0
0.0
0.0
0.0
0.0
0.0
0.0
0.0
0.0
0.0
0.0
0.0
0.0
0.0
0.0
0.0
0.0
0.0
0.0
0.0
0.0
0.0
0.0
0.0
0.0
0.0
0.0
0.0
0.0
0.0
0.0
0.0
0.0
0.0
0.0
0.0
0.0
0.0
0.0
0.0
0.0
0.0
0.0
0.0
0.0
0.0
0.0
0.0
0.0
0.0
0.0
0.0
0.0
0.0
0.0
0.0
0.0
0.0
0.0
0.0
0.0
0.0
0.0
0.0
0.0
0.0
0.0
0.0
0.0
0.0
0.0
0.0
0.0
0.0
0.0
0.0
0.0
0.0
0.0
0.0
0.0
0.0
0.0
0.0
0.0
0.0
0.0
0.0
0.0
0.0
0.0
0.0
0.0
0.0
0.0
0.0
0.0
0.0
0.0
0.0
0.0
0.0
0.0
0.0
0.0
0.0
0.0
0.0
0.0
0.0
0.0
0.0
0.0
0.0
0.0
0.0
0.0
0.0
0.0
0.0
0.0
0.0
0.0
0.0
0.0
0.0
0.0
0.0
0.0
0.0
0.0
0.0
0.0
0.0
0.0
0.0
0.0
0.0
0.0
0.0
0.0
0.0
0.0
0.0
0.0
0.0
0.0
0.0
0.0
0.0
0.0
0.0
0.0
0.0
0.0
0.0
0.0
0.0
0.0
0.0
0.0
0.0
0.0
0.0
0.0
0.0
0.0
0.0
0.0
0.0
0.0
0.0
0.0
0.0
0.0
0.0
0.0
0.0
0.0
0.0
0.0
0.0
0.0
0.0
0.0
0.0
0.0
0.0
0.0
0.0
0.0
0.0
0.0
0.0
0.0
0.0
0.0
0.0
0.0
0.0
0.0
0.0
0.0
0.0
0.0
0.0
0.0
0.0
0.0
0.0
0.0
0.0
0.0
0.0
0.0
0.0
0.0
0.0
0.0
0.0
0.0
0.0
0.0
0.0
0.0
0.0
0.0
0.0
0.0
0.0
0.0
0.0
0.0
0.0
0.0
0.0
0.0
0.0
0.0
0.0
0.0
0.0
0.0
0.0
0.0
0.0
0.0
0.0
0.0
0.0
0.0
0.0
0.0
0.0
0.0
0.0
0.0
0.0
0.0
0.0
0.0
0.0
0.0
0.0
0.0
0.0
0.0
0.0
0.0
0.0
0.0
0.0
0.0
0.0
0.0
0.0
0.0
0.0
0.0
0.0
0.0
0.0
0.0
0.0
0.0
0.0
0.0
0.0
0.0
0.0
0.0
0.0
0.0
0.0
0.0
0.0
0.0
0.0
0.0
0.0
0.0
0.0
0.0
0.0
0.0
0.0
0.0
0.0
0.0
0.0
0.0
0.0
0.0
0.0
0.0
0.0
0.0
0.0
0.0
0.0
0.0
0.0
0.0
0.0
0.0
0.0
0.0
0.0
0.0
0.0
0.0
0.0
0.0
0.0
0.0
0.0
0.0
0.0
0.0
0.0
0.0
0.0
0.0
0.0
0.0
0.0
0.0
0.0
0.0
0.0
0.0
0.0
0.0
0.0
0.0
0.0
0.0
0.0
0.0
0.0
0.0
0.0
0.0
0.0
0.0
0.0
0.0
0.0
0.0
0.0
0.0
0.0
0.0
0.0
0.0
0.0
0.0
0.0
0.0
0.0
0.0
0.0
0.0
0.0
0.0
0.0
0.0
0.0
0.0
0.0
0.0
0.0
0.0
0.0
0.0
0.0
0.0
0.0
0.0
0.0
0.0
0.0
0.0
0.0
0.0
0.0
0.0
0.0
0.0
0.0
0.0
0.0
0.0
0.0
0.0
0.0
0.0
0.0
0.0
0.0
0.0
0.0
0.0
0.0
0.0
0.0
0.0
0.0
0.0
0.0
0.0
0.0
0.0
0.0
0.0
0.0
0.0
0.0
0.0
0.0
0.0
0.0
