-1.4746350524526755
-0.16265193032136793
-0.15937922666637147
-0.14057855513798306
-0.20788691354108
-0.20431780684065426
-0.18529874577363314
-0.23905824148473648
-0.23507454610505366
-0.218808114817304
-0.26343555992289086
-0.2606004400774164
-0.2505847234857288
-0.2812194395904139
-0.2790731966229103
-0.27178900281201107
-0.2925492436398753
-0.2913564716616706
-0.28332628566610335
-0.3004519238043841
-0.2980303919578102
-0.2904596586769092
-0.30211363757720666
-0.29888940816906073
-0.29137635466657125
-0.3007239108965452
-0.29698212966904974
-0.29090584760314037
-0.29630444026938657
-0.2925257797462294
-0.286493344618245
-0.2896185065965033
-0.2841084550060213
-0.27889510763338543
-0.15166890912253636
-0.155615311790718
-0.16249089045721646
-0.16260687812702276
-0.16567996848254166
-0.17173541626582947
-0.1722236097075933
-0.17324444609665945
-0.1791739740902526
-0.1809699287085457
-0.18258139643300558
-0.1877280557767267
-0.1921502246340365
-0.19296947606182102
-0.19960674595464362
-0.20392376000042423
-0.20411841376714226
-0.21037899809348862
-0.2098461256824919
-0.21141690849882355
-0.21747465325099735
-0.2098016746130249
-0.211573784328867
-0.21592358265311096
-0.19991969415825536
-0.20165641266419773
-0.20539980039678082
-0.18017326582098023
-0.18233325057009936
-0.1860776361927095
-0.1498897929568757
-0.15363514459177088
-0.15535019101122613
-0.1940011583736729
-0.19109960327682998
-0.1853083068441859
-0.22958162793187945
-0.22576562243956694
-0.2182274212452218
-0.2557389725829625
-0.2511457790830262
-0.24765313355711083
-0.2764152464709554
-0.2726369041835235
-0.2753652378907296
-0.2910599544747669
-0.28929911024262434
-0.294778876910301
-0.3028953979057205
-0.3027575507693742
-0.30910292251516225
-0.31196014990054305
-0.3125873196087759
-0.32118187601391024
-0.31777729451400527
-0.3202429469477628
-0.32918482483340356
-0.3225114524468524
-0.3259958059637448
-0.3353445169040318
-0.32653298122003377
-0.3308226551942386
-0.33957953679842406
-0.32886359732758963
-0.3334027195250994
-0.3416809794759593
-0.33106228999121806
-0.33602503089214464
-0.3414938629511362
-0.33115617619040527
-0.33494440559250593
-0.33985170490125055
-0.3287941824701274
-0.3323407213572656
-0.3376797289423604
-0.32492055240202883
-0.3278911822833885
-0.3342832177995745
-0.31911090252418994
-0.32199184957850285
-0.3292982345261243
-0.3105870708437841
-0.3127612056343427
-0.31987934519923705
-0.29696275270303396
-0.2997279484012387
-0.30691524966374883
-0.27811817863983457
-0.2808533562527668
-0.28725069486381216
-0.2518282356625784
-0.2545877503291117
-0.26188009920059374
-0.21526439169776526
-0.21944568082829216
-0.22710232950553252
-0.19808129942157618
-0.1935857688035476
-0.18588814622209374
-0.2423993597444404
-0.23656164701746063
-0.22624238229623708
-0.27377854970702714
-0.2670552894609763
-0.25793047608301856
-0.2968776488372134
-0.29154553659381277
-0.2881115951861905
-0.3140100516825761
-0.3105317754159247
-0.309369051876906
-0.325866525749529
-0.3245758056150205
-0.3228563073711419
-0.33525513140048546
-0.3350041459914177
-0.3340675337431882
-0.3419821214002835
-0.3418593583517638
-0.3399151051827918
-0.34653711387485386
-0.34594025145046453
-0.34602924434682125
-0.3499373536951475
-0.3491811709659396
-0.35073376833431863
-0.35102197347063546
-0.3501248915348626
-0.35308739103776365
-0.35060941206111246
-0.35014513832593935
-0.35267392679593645
-0.34970661075379866
-0.34899594946971635
-0.3523334051775651
-0.3476700394539665
-0.3465521573342794
-0.35145940972262674
-0.34445013259959784
-0.34316447718837195
-0.34966705500977485
-0.33798614135539573
-0.33791507603262694
-0.3477486566169931
-0.3292418293675712
-0.3293564736388557
-0.3430185242244926
-0.3162960112926521
-0.31741380824113435
-0.33317004379633475
-0.30100093182638804
-0.3015483203382183
-0.3208115228413774
-0.28609225999254645
-0.289651999888344
-0.30450261208220225
-0.2635821788884005
-0.26783993605577233
-0.2806508593207517
-0.386066852386504
-0.38700101800251646
-0.376320473284879
-0.3809147122746984
-0.3820257629492259
-0.37053149453769196
-0.3760605454093153
-0.37721568309078735
-0.3658089905889443
-0.3720037342770476
-0.37303558910483714
-0.3620021917679991
-0.3677996494331115
-0.3687587088962479
-0.3582005408793499
-0.3628496295977559
-0.3640222412110494
-0.3537816042011383
-0.35780497544459655
-0.3588653209826809
-0.3501161752537036
-0.3517008175196373
-0.3528077355520446
-0.34558582395758825
-0.34389462878875293
-0.34548576340484227
-0.3395938134727489
-0.3354955216695364
-0.3375981529535087
-0.33199433822086494
-0.3254306318028618
-0.32743422696099256
-0.3227745159682668
-0.17475242506386401
-0.17140000585508403
-0.17187250512681976
-0.18558949388590434
-0.18216371002170567
-0.18223708997977583
-0.19637000863747558
-0.19208431488043046
-0.19187288402689529
-0.20775286601421075
-0.20453475650651434
-0.20366001165293038
-0.2216849298592345
-0.2184915429976294
-0.217426607267361
-0.2379648181757133
-0.23573013892703001
-0.23285818776725387
-0.25281904232559094
-0.2512091389190612
-0.24808425181021682
-0.26495655004374763
-0.2647621158213874
-0.2606751207383015
-0.2743359156238659
-0.2752714358902812
-0.27061256793525484
-0.28272419223373524
-0.28444344896590096
-0.2792913608694411
-0.2910368578323217
-0.29311835778801903
-0.28716683279337263
-0.29957777151337683
-0.30145959397961525
-0.2944220980162689
-0.30643709700445615
-0.3086766952271993
-0.3014627245963753
-0.31397678948725044
-0.31543911728527285
-0.3100657442503353
-0.32155925484987635
-0.3231347104114587
-0.31898147352963896
-0.3295819740301993
-0.33043718024662116
-0.327040017138601
-0.3359213625387587
-0.3364112202775944
-0.3344725338740872
-0.341328033010955
-0.34140345718318355
-0.34231144779401146
-0.3460420852831395
-0.34668780444077313
-0.3485160652708648
-0.3501750027567489
-0.3505636988874219
-0.3540887901520295
-0.3527513536856027
-0.3537574137804637
-0.3584083113648735
-0.3548391611782858
-0.3560490133662888
-0.36173591738468447
-0.35637050765780176
-0.35802599877953806
-0.36324778683563097
-0.3578633565437536
-0.359393670599499
-0.36402101572882184
-0.3582333738060365
-0.36045974545376913
-0.36477054916710555
-0.35864002126141437
-0.36059353000498084
-0.3640457839190133
-0.3580976000983241
-0.36051786050196094
-0.3634661214561011
-0.3582696386291952
-0.3600721481579869
-0.360971780662197
-0.35801214931610287
-0.35993727675518816
-0.3598286164354434
-0.35820324594041714
-0.36030395799337445
-0.35922409475395534
-0.35843054538556046
-0.3600893081389082
-0.3574054242337624
-0.35890467342323523
-0.36008098643924247
-0.3570722077650038
-0.3598404565472929
-0.3607221772550864
-0.35632544063536403
-0.3620194939321454
-0.3621147356090326
-0.356163061023974
-0.36438180696547984
-0.3642064682417465
-0.3575991334715794
-0.36670363968900044
-0.36592589488574895
-0.3598879890958696
-0.36901424768205315
-0.36838717247280406
-0.36207963227574436
-0.37097601104061045
-0.36989804692028544
-0.36446457642129965
-0.3728421479757668
-0.3716513315161655
-0.3670790125960526
-0.3743607454274605
-0.37319508345748975
-0.36952520616047985
-0.3755955884756489
-0.37432371473524245
-0.3710989447533104
-0.3764014386324578
-0.3750145035543832
-0.3724599740187768
-0.3769281203903805
-0.37627367776461057
-0.3722384438718775
-0.3770334175158963
-0.37671254389596714
-0.3720545780747538
-0.37680231364585204
-0.37625923641122366
-0.3707816038564643
-0.37587433936247366
-0.3755340657859189
-0.3700052179572704
-0.37482025463822927
-0.37496692279560045
-0.36816937357412943
-0.37299666459891656
-0.3733411815294672
-0.3660119756306635
-0.3701769761906944
-0.37103941915521454
-0.3641730078472559
-0.3669058707824921
-0.3680710971166461
-0.36100713362050435
-0.36667572363701806
-0.3656047036721017
-0.36002704054823725
-0.37253477022309645
-0.37490922382520253
-0.36347038049105734
-0.37851947695070376
-0.38028398635652577
-0.36728489976934314
-0.2358532883780142
-0.23414054409755242
-0.22470530527517124
-0.25623967557520344
-0.25429305139713265
-0.24380422587603082
-0.27435668934684954
-0.27180988921623267
-0.26152880620608393
-0.2901532425565379
-0.28759663860145135
-0.2774183605198631
-0.30472497193530934
-0.30171944244717774
-0.2915949342443831
-0.3180898448234622
-0.3145350201841595
-0.30480441934796343
-0.32939972240346727
-0.3254973389910924
-0.31759795124271456
-0.34045130499381693
-0.33658740579975266
-0.3295358864298663
-0.35103917910995225
-0.34755929735536284
-0.3423540602220194
-0.35977667617379483
-0.35685113515627714
-0.3557880352388375
-0.36781430801092896
-0.3653921180389325
-0.36459717827328364
-0.3766650973641458
-0.3743842646860139
-0.37463515989901763
-0.38260272636875564
-0.381308763224377
-0.38359459547677693
-0.38874735465722354
-0.3876993699240825
-0.38968056750377295
-0.3950687289801343
-0.3941526141278276
-0.3961951147827693
-0.39936416294055416
-0.39965813007814055
-0.40193161291469076
-0.40414787380750417
-0.40438604076188617
-0.40549420404881364
-0.40916306596454755
-0.4093555819287604
-0.41004238256298803
-0.41317548466337106
-0.4133267807615769
-0.4156775539275444
-0.41575224237452213
-0.4166795080043996
-0.4192276518434538
-0.41952878530342685
-0.419311249395789
-0.4221799365532762
-0.4211557738187964
-0.42153922667288696
-0.4235944375044485
-0.4235761938050795
-0.42418977453107604
-0.42610015317401984
-0.42592692879739985
-0.4263767175082787
-0.4277175727262823
-0.42711816227915134
-0.42760753848111155
-0.4297026877499002
-0.42879705015076297
-0.4283947693512977
-0.4315995876239044
-0.43030125771322186
-0.4297272510099266
-0.43265239534010735
-0.43091482947188986
-0.4315138972754237
-0.4333966199772392
-0.43173167534618145
-0.432177543727636
-0.4338168930533333
-0.43353887057233154
-0.432866816420489
-0.43422272650448834
-0.4337974953734377
-0.43297738131602204
-0.43512182139342376
-0.433487922063151
-0.4346759414948906
-0.43473901716345364
-0.4338957110716698
-0.4346025440463427
-0.4344079437027218
-0.4331184808807439
-0.43462029848854583
-0.43453663710526247
-0.43295740577495284
-0.43460681175601307
-0.4325427972645144
-0.43379618676137643
-0.4352893535961074
-0.43276297251098256
-0.4335297592532359
-0.4350856532705259
-0.4340973473010393
-0.43301399170748744
-0.43366569266094546
-0.4334246711111014
-0.4312090965444556
-0.4328588422630903
-0.43305915290761615
-0.4310735605323069
-0.4311982350285219
-0.4319405142305267
-0.4295397478982907
-0.42942905125160563
-0.4302814254935088
-0.4283004151742887
-0.43149701336360075
-0.42828201494366114
-0.4267895748191524
-0.42945589314082394
-0.42798345585422154
-0.42565194082228036
-0.42717173285327603
-0.4273334999798716
-0.4236314818345892
-0.42677089102543647
-0.42737682348760975
-0.42244348862862624
-0.42647267314053783
-0.42748545386691217
-0.42130773545312006
-0.423920880613708
-0.4250686049730163
-0.4204137584997683
-0.42238882320150506
-0.42401064983974907
-0.4181177767559682
-0.420179141617251
-0.42177407656217364
-0.4139014892525025
-0.4158556096349944
-0.41868406953810633
-0.4092343769112014
-0.4115640443376815
-0.41547666316445153
-0.40708776553088777
-0.4087323126068606
-0.41234032349149363
-0.40237668155308376
-0.4028686586832029
-0.4065344395280697
-0.39806097335395463
-0.3976175719424335
-0.4016402735816407
-0.3909273735073618
-0.3916986913530455
-0.3957425074044268
-0.3824309669190187
-0.3833830703208868
-0.3886369026298574
-0.37422768373375676
-0.3735346972183712
-0.379254644716255
-0.36486808863236037
-0.3642236963519286
-0.3708890515301507
-0.35273435210007376
-0.3519929871375844
-0.35961159272921633
-0.34173348184322117
-0.3403736351416299
-0.3481748841181378
-0.3280689086692127
-0.32727609635455646
-0.3360009682130669
-0.31427670586805634
-0.3142168506385374
-0.3230946490858895
-0.29800576530337675
-0.2981904387032275
-0.30760062879029826
-0.2808788025305946
-0.28161644375920586
-0.29008282497771515
-0.2790443661086437
-0.27620685153614344
-0.2700664850390578
-0.2681587139877503
-0.2665883653751323
-0.26008255472624076
-0.25583392940318134
-0.2548774683993904
-0.25036376464005683
-0.24269937877338588
-0.2437772204188846
-0.23763822647732255
-0.22732778016497351
-0.23065130403268927
-0.22544926853336872
-0.21089882891614928
-0.21290211354796412
-0.20870127054168988
-0.19389081949375891
-0.1937061287098642
-0.1921597120603777
-0.3148618822089737
-0.31752114921072855
-0.31395541130816
-0.3031043700952192
-0.3058952863789824
-0.3027566403679206
-0.29111052974243745
-0.2946758546242452
-0.2921083063699591
-0.2785769051063868
-0.28134175272360484
-0.27916531660230803
-0.2631057088125584
-0.2653853373585674
-0.2641197103025329
-0.2450006983350344
-0.2464630771945406
-0.24701393217199713
-0.2289440885964417
-0.22904470944588964
-0.2303992234679994
-0.22341492206513033
-0.22762179133614546
-0.23574191814689388
-0.2578521488173714
-0.25875662354644685
-0.2633271423381163
-0.1410780162325982
-0.1394832131962494
-0.13181664178214572
-0.21285612510801266
-0.21128072388479316
-0.19783990624826966
-0.14361376095393819
-0.1406353056109508
-0.12986016187216728
-0.19567315112048525
-0.19470672894077123
-0.18032210243568714
-0.1617591571257115
-0.1671364084515395
-0.1704372944132695
-0.23746576162017935
-0.23860411624686634
-0.24422822173725664
-0.1055766131397016
-0.11035999070278589
-0.10911379117208243
-0.21934874784853411
-0.22108727842776638
-0.22650364140720636
-0.11498890001068618
-0.11244405030075391
-0.08642475152981677
-0.17948033327571594
-0.17868031700546141
-0.16472850960862642
-0.17302779873361337
-0.17770795610857174
-0.18523274876405552
-0.20355219463884583
-0.20530052904254717
-0.2106140870934268
-0.17772558037309003
-0.1766737669779784
-0.177150240241958
-0.21588986698676121
-0.21457967826523197
-0.21633735328776058
-0.16175783326956783
-0.1590886659487898
-0.16287970232975743
-0.20515951028268703
-0.20254326070499218
-0.20463378234988938
-0.10239857179102263
-0.10211019839580218
-0.09321372467673164
-0.16592489018723963
-0.16562107128944217
-0.1518221904814482
-0.10707888083979625
-0.10550155780979789
-0.09515807287486648
-0.15252691145291505
-0.15252353250236844
-0.13945559625172144
-0.11962013418770057
-0.12555308859157222
-0.12992067872773624
-0.1889804652600741
-0.19117772519682114
-0.19643751336890744
-0.0768554690725738
-0.08291107278763338
-0.08323530335115324
-0.17561559237192162
-0.17836214745983883
-0.18322802826532744
-0.14492841710188606
-0.14207841283914344
-0.14766906819416983
-0.19551543817878986
-0.19229142296639382
-0.1945083694119356
-0.08702166140811807
-0.08522523927691351
-0.05854660085584728
-0.14155023627288282
-0.14087219584646848
-0.12799968733106454
-0.1370023039245738
-0.14214113698573408
-0.1470008757716379
-0.16430571479191675
-0.1673998286529059
-0.17043449637057628
-0.09059746928646065
-0.0972038421798092
-0.1003795020158
-0.15324834422957895
-0.15636242524328467
-0.1592074058106622
-0.12834765645076446
-0.1260072156532656
-0.1326274733855618
-0.18592304652772593
-0.18289937349866317
-0.18511999369425405
-0.11163499415001106
-0.10955462627095076
-0.11588701311618829
-0.17660728440841353
-0.17385049363306
-0.17604026598680142
-0.06497229025840248
-0.06429586736210988
-0.06015325287061443
-0.057673929163027625
-0.056892157845398
-0.052382803921390185
-0.05102773735969895
-0.05021301012725079
-0.04663001229899455
-0.044670743603190656
-0.04342583865873609
-0.0413180253494513
-0.12974368787076804
-0.1285801992546242
-0.11654623440322395
-0.0740534941832777
-0.07355050728610442
-0.06505166052924083
-0.08074818495042171
-0.07927468723266268
-0.07122304966473095
-0.1203913219780222
-0.11918655591768265
-0.10784834155024996
-0.06564650823420615
-0.06380289167159409
-0.038051154724399246
-0.11124618669994629
-0.10926060566082413
-0.09823118200097325
-0.14236180247197283
-0.14674599810216693
-0.1547109488920072
-0.1654659685437859
-0.16274896507005357
-0.16378623343681367
-0.13326499585529972
-0.13758380806310605
-0.14592218659328787
-0.1563550859036537
-0.1536572802404739
-0.15513312084660916
-0.12568679313783934
-0.12986538847651832
-0.1384744226174255
-0.14894018295551342
-0.1465671002515199
-0.14824936019331786
-0.10854203962660626
-0.11252505279137777
-0.11535062482551368
-0.058219725864293886
-0.06439405009298677
-0.06511439754693849
-0.14264816704544123
-0.14543858217937553
-0.14838017424498462
-0.13382559968053273
-0.13613311468759312
-0.13744913514514498
-0.06956602196171541
-0.07445544158080458
-0.07762993533192264
-0.1256311602943901
-0.1275801328939343
-0.12928881076225054
-0.0971965971117415
-0.0946276396584872
-0.09860135980424897
-0.16869315653145486
-0.16560194229597386
-0.16756377059614838
-0.044840197167488445
-0.050551187517704356
-0.05083945261588925
-0.11673652861980995
-0.11856628424775377
-0.12062050469125339
-0.08330780421754914
-0.08038883618595911
-0.08216732460178013
-0.16020276228323038
-0.15787398500222463
-0.15824597967594836
-0.07689495806568128
-0.07748514881626586
-0.0760786550741694
-0.08100945409010442
-0.08194751148399444
-0.08034180764102003
-0.15206809659572876
-0.14960328485257948
-0.1491902237966923
-0.07149655941971371
-0.07097430263748755
-0.06896241079190099
-0.0839305891738754
-0.08451749310106434
-0.08195195161060226
-0.14355513985299057
-0.14194529953315285
-0.14091286004385312
-0.03950626482678162
-0.037835332889312165
-0.038315328018590604
-0.1030708215745263
-0.10093574964739797
-0.09099632265189533
-0.06198583111350545
-0.05987843927105691
-0.05197714788143323
-0.09605521953524056
-0.0938874489561184
-0.08405313241972066
-0.05199369085220023
-0.04991396878010823
-0.025694016776824268
-0.08957272297128882
-0.08716292759627882
-0.07847065982801488
-0.05410565510411046
-0.052996183246905686
-0.044329705555436485
-0.040572085140360634
-0.03909631028440182
-0.02932996178591516
-0.08284393126966079
-0.08082731108840786
-0.07214958028605703
-0.11904213624158784
-0.12264981850382696
-0.13221808283787753
-0.14200461967574998
-0.1400894320919546
-0.1424466236557022
-0.11272356085898468
-0.11529638880376762
-0.12521789525063606
-0.13590046175079085
-0.13403184666131854
-0.13791627235958723
-0.10681491930067698
-0.10830165841647052
-0.1186053272485878
-0.13085580759763207
-0.12887492643294973
-0.13425084341215265
-0.10138328677834095
-0.10223556660146708
-0.11180559266476638
-0.12590578776227737
-0.12413845874775084
-0.12983190673394102
-0.0864583928633604
-0.08975579231290924
-0.09160234615727926
-0.11063081783138835
-0.11158768385808164
-0.11278136189141612
-0.03762755004120614
-0.04081044191798399
-0.041366046732323816
-0.05439014411304631
-0.05765095201766753
-0.06030150882541194
-0.10429645650639581
-0.10496058036701461
-0.10668569967489613
-0.09761006466763825
-0.09841692543015915
-0.09993744311886202
-0.06971774413343516
-0.0724631245129269
-0.07404710799804629
-0.09310937161929675
-0.09286326925566091
-0.09401546816576092
-0.04356154403937147
-0.04466968840078045
-0.04732412890237549
-0.08776171517432567
-0.08782665920001004
-0.08883078982223046
-0.0852544678530222
-0.08554759391484373
-0.08073639159727532
-0.1364050886734274
-0.13539898406994896
-0.1331923647910513
-0.08559491824697874
-0.08509305144230091
-0.07989005853434404
-0.13014256542630045
-0.12982064516150343
-0.1256393925499324
-0.08591508111393927
-0.08403143276750669
-0.0769211444374647
-0.12480276463151722
-0.12362447932434036
-0.11962928184385055
-0.03368036021058165
-0.03269695692313077
-0.03597660434518762
-0.04782031622037224
-0.04629093558533315
-0.03893709281724325
-0.07669342014998194
-0.07576935559889247
-0.06730494844727482
-0.04112590192504844
-0.039587770354063405
-0.0172677998368775
-0.07122306704894697
-0.07074634967377778
-0.06270875952341161
-0.029699031936621968
-0.029787819163195683
-0.01997825951476462
-0.06611983282171952
-0.06576760327853691
-0.0591031515234701
-0.09634111625090358
-0.09625069507886114
-0.105203311753109
-0.12170170291834134
-0.11986157853916204
-0.12603025584529104
-0.09034148091873054
-0.0904227928860399
-0.09878983642540778
-0.1176448917860738
-0.11568148455321192
-0.12222345702434617
-0.03146060786100621
-0.032424408275194445
-0.03313484293669291
-0.08230897561219387
-0.08227127090891183
-0.0832011658022775
-0.05592584513641216
-0.059819969442971944
-0.05995793565017697
-0.0779571513743499
-0.07812146790677407
-0.07814660910376978
-0.03448464648883582
-0.034788237718513325
-0.03680595817613311
-0.07448899757172013
-0.07402713448020017
-0.07405274288367142
-0.07105864250562423
-0.06765577336858544
-0.06884841615567307
-0.0594923766457264
-0.05742780643208874
-0.05795611221756832
-0.0853964457595758
-0.0817377231624971
-0.07590634894644264
-0.11989770860733476
-0.11917757569173587
-0.1143015422775936
-0.08439174824229331
-0.07979743026487714
-0.07296291436455377
-0.11587256875483977
-0.11470897806089535
-0.10924721122237542
-0.08157066528182898
-0.0784136492052584
-0.07069004808206611
-0.11211562489577355
-0.11054767943243717
-0.10449117354637104
-0.07903386875130358
-0.07659522003649956
-0.06909963885146957
-0.10889635786099545
-0.10692209033363811
-0.10114123208445465
-0.028976068039851192
-0.0284344468950576
-0.03365837226166347
-0.03734811333375976
-0.03608420775471124
-0.03097814938563886
-0.06120974128858853
-0.061153911798216366
-0.0553304831667286
-0.03319321644345889
-0.03142628529310538
-0.012830787886387758
-0.05734001846809774
-0.057120823585201
-0.0520255872953691
-0.024365952764588642
-0.02446055249851714
-0.030531582638947775
-0.05287229672688401
-0.053179206061319505
-0.04919353603467395
-0.08226632901545781
-0.0832788317607981
-0.09211961474622746
-0.11279072492069066
-0.11087140469477347
-0.11750095307559862
-0.030524395905233002
-0.0275925729339753
-0.02538133832937117
-0.0273034108673435
-0.025258691667171998
-0.02343362059893844
-0.07625883344396028
-0.07477329980300337
-0.07106060903159613
-0.10548493049707701
-0.10355202901474615
-0.0980783064261802
-0.029522680456325154
-0.02864762943993637
-0.025588252611551114
-0.049409080288786364
-0.04958180897057528
-0.046231086871101654
-0.026627081863812952
-0.02573817730695543
-0.011040151355381637
-0.04557093902438566
-0.045893120079438576
-0.04277836805333256
-0.01720267241945329
-0.01744993009252999
-0.010160743498188287
-0.02255702926831385
-0.022550259321028443
-0.014605262731228332
-0.041640641379061656
-0.04198139555514186
-0.0399519760616477
-0.07320135805664686
-0.07476131743118168
-0.08412675013718873
-0.10763858480888538
-0.10589614964148297
-0.11171197432841126
-0.025283560053927043
-0.023608061896215626
-0.02209851031963122
-0.063587747946353
-0.06484713319302556
-0.07691455578966777
-0.10317893128832052
-0.10158556532456488
-0.10708184734751157
-0.05381935674618696
-0.054335244098959574
-0.06885398946954967
-0.09767925166352963
-0.09635724321686277
-0.10184061991833054
-0.044920329833509465
-0.04502071891062111
-0.060957629467583714
-0.09346006663846854
-0.09226607877340294
-0.09774399829157397
-0.05185833680242303
-0.051201404318454796
-0.040481583026660405
-0.04853973680495926
-0.047245359862781715
-0.036786368823990036
-0.08905839095907606
-0.08817446660355183
-0.09364596236032709
-0.04385989491734281
-0.042021999117903025
-0.03298663044878071
-0.05426466359248946
-0.052566501949162896
-0.04293488327465226
-0.08436274694197411
-0.08381706654768882
-0.08866461851354591
-0.03959118334196766
-0.03673843213153909
-0.03016729155784362
-0.03443722675223871
-0.031134832210301056
-0.027585224191222463
-0.024172424968027965
-0.02183189154517264
-0.02117901573413695
-0.02339162748586135
-0.020400144742734005
-0.019968360167714617
-0.02203130623793791
-0.01830149846380218
-0.018188673453592836
-0.026114002348523943
-0.026418257577699958
-0.026763483053792878
-0.06989651534225833
-0.07059388121065456
-0.06957396821381198
-0.045920896812803556
-0.0510565465342899
-0.04966052824389841
-0.027070380339896928
-0.027448037812350834
-0.02990612300482131
-0.06717653102279786
-0.06740013590692644
-0.06636858322045852
-0.0636960319660264
-0.06384153175475586
-0.06307596261004596
-0.022695666752790895
-0.021931644813777258
-0.022378253306871723
-0.06004817063696714
-0.06068757228950568
-0.06034411904993875
-0.0373446409550693
-0.04384487773815029
-0.04214391660062315
-0.05764791320864172
-0.058384466726072275
-0.057358854521099206
-0.021501348905833304
-0.022665192432654975
-0.024694789483380972
-0.0549314770730055
-0.0564985222438605
-0.0545153447315706
-0.05048258197378993
-0.04981033658180477
-0.04990184236798266
-0.043547424115395354
-0.04417562363295455
-0.04261156880458045
-0.07498277612961496
-0.07571954226987586
-0.06947251875013494
-0.10264952057805111
-0.09993464371627495
-0.09466100124154823
-0.07439691471619388
-0.0755417363029377
-0.0728254514026827
-0.09987069758673094
-0.09739765418179715
-0.09249688431260317
-0.07665834871795257
-0.0775367350276367
-0.07578811419505165
-0.09769929303350237
-0.0946861388442033
-0.09091651234756236
-0.0749929619646975
-0.07617278796609664
-0.0782537088431483
-0.09455930433050885
-0.09229667673767465
-0.0896586471721386
-0.0788367112352377
-0.07668408470461147
-0.07889570016498867
-0.09190335564631838
-0.08985519001967411
-0.08761854952464203
-0.0757915597396453
-0.07400487350162904
-0.07798956252505167
-0.0892188851226778
-0.08712619852777821
-0.08499105095829601
-0.07195560570338126
-0.0698938597513406
-0.07411859175036715
-0.08672382634200916
-0.08464186150911916
-0.0830576660353526
-0.020182570222033368
-0.020608083337666228
-0.027201286805579015
-0.022814710460181856
-0.021972975930183193
-0.020303493139606298
-0.038346202054118164
-0.038824807641312305
-0.03659518237513977
-0.021885879770090048
-0.020419344291165233
-0.008490705606804639
-0.03560802970385242
-0.0355941940771348
-0.0336475967191853
-0.017363966449409466
-0.017311280482022955
-0.023980590933503486
-0.03279955983114861
-0.032700310574044336
-0.030973648950295692
-0.012226715987792984
-0.012328352485170443
-0.005344576300570925
-0.03714590310677508
-0.036939203415760194
-0.05316437933366653
-0.055756887407560005
-0.05389627158076856
-0.045784496959966954
-0.08005576276554967
-0.07999573143076066
-0.08479479499991295
-0.056930977548960995
-0.0560547069285774
-0.0485623528798927
-0.07635579408597125
-0.07687212525705224
-0.08046225667523953
-0.05926682458191834
-0.058069921621174796
-0.05100519252053119
-0.07379208723023777
-0.0744200281311178
-0.07670609270308779
-0.05974074283057312
-0.05953715673372723
-0.05375086049490817
-0.07083508501377248
-0.07202123054188841
-0.07333538368680942
-0.021255634209994323
-0.016343589372636524
-0.016708054976560062
-0.020303272253572275
-0.014539588987922
-0.015214937920476042
-0.020574786446005845
-0.01851489245930575
-0.01844064097299087
-0.05252524922797966
-0.054280356923304116
-0.05216536340265606
-0.03189509428931838
-0.03871998618682234
-0.03679488940603818
-0.05098063848031262
-0.05136846979741804
-0.05044656187789138
-0.01665319985402506
-0.018451174451614715
-0.02021487863149422
-0.04834762945102429
-0.04951991661931955
-0.04852841143498909
-0.03723343926729558
-0.03875592747572844
-0.03791882636095894
-0.06744489239909465
-0.06583638896091829
-0.06991886689612396
-0.08412816291641174
-0.08234108293096425
-0.08070550163818213
-0.06252672605222859
-0.06125825985056661
-0.06414047028103544
-0.08115957945245483
-0.08014713102405392
-0.07894505657045452
-0.019614177832913793
-0.020096659852789477
-0.018200555408298628
-0.07770902292470457
-0.07726003765462033
-0.07666868947211886
-0.018632853400226204
-0.018888871173487205
-0.014804586289419084
-0.01668327051731716
-0.016504693970045857
-0.010786634742058048
-0.01484660562255999
-0.014748001757778479
-0.00890435919985949
-0.013677776249584274
-0.013121325026149091
-0.0068223773118725045
-0.01254096560445018
-0.012109847652507721
-0.007320026637986518
-0.01165095379664308
-0.011580128002464357
-0.00830944497314419
-0.017447324535879792
-0.016293430317257055
-0.015608505544128081
-0.03051330124265673
-0.029759643383403093
-0.028232457593406545
-0.05809484509179074
-0.057163377801830784
-0.058468134063820225
-0.010597591148889973
-0.010236774341037112
-0.009626821090038278
-0.009005696201582014
-0.009366168512529338
-0.009421209163230934
-0.02995355174536204
-0.030997754798354055
-0.0457297352388936
-0.05931676853173482
-0.060078309821150505
-0.05602125096495758
-0.06839918434557538
-0.06948770136193516
-0.06983128550806961
-0.05902430245371308
-0.059845727026500664
-0.057074699152493504
-0.06620303361760667
-0.06731519072568762
-0.06714898709365004
-0.05808244647941635
-0.05902123967909345
-0.0582110143652424
-0.06455528379401054
-0.06576997854356675
-0.06451183258579472
-0.019085544190994033
-0.01264848361059576
-0.01365167247185319
-0.01737911844484785
-0.015330990890804577
-0.015505373677081944
-0.04511019400790715
-0.04768575623462982
-0.046019785304331255
-0.02619354295700972
-0.03491106100048043
-0.03235597884862166
-0.043756328020179085
-0.04614401395289055
-0.04445376532317311
-0.013643894884683677
-0.01582765168992215
-0.017077941175086847
-0.04271667628447156
-0.04277935616797967
-0.04270308035977836
-0.01460250012615969
-0.01284540281903454
-0.012928736960985591
-0.04049670794303657
-0.04121543060463752
-0.04079509498077357
-0.031889470270706904
-0.035738956561197154
-0.033724722429665184
-0.027691541412440592
-0.03235476534382529
-0.030514411627249292
-0.053226656990933346
-0.05189450552869224
-0.05184075442093876
-0.047825503769037825
-0.04661629271806053
-0.04518911435664066
-0.07389883437169804
-0.07370287872717536
-0.07400087740619414
-0.0702216528264947
-0.07032051177622442
-0.07023514785172257
-0.04267464044930745
-0.041592493446252904
-0.04045266864043766
-0.06680117399842554
-0.06664130209586586
-0.06681047253880097
-0.025457425389612258
-0.025864908080745447
-0.027121523469821506
-0.06371349054779071
-0.06384308556073848
-0.06388801931064912
-0.024126533549117986
-0.025048808649612987
-0.026357803898363147
-0.025703356659215873
-0.02592003379308752
-0.027278285033206957
-0.06058168724821635
-0.06062696519456624
-0.0604506214826716
-0.022396149057456783
-0.02370421905816383
-0.02504603349508175
-0.025566556218238688
-0.025594032646334853
-0.027263872307797393
-0.058006398910263136
-0.057809138875237545
-0.057354936837865134
-0.02067217738076465
-0.02180837319848302
-0.022160122985255392
-0.025159097366631696
-0.024723611932540437
-0.027072995108685056
-0.055294491980549365
-0.0549565944687105
-0.05447558171686381
-0.018039482169223547
-0.016370062519024547
-0.006590041857203363
-0.028121930395755303
-0.027440078700508037
-0.025268988832391672
-0.014735034405199823
-0.01392386156690157
-0.02003628963429923
-0.026081134238204354
-0.02451656413515114
-0.022745097359120343
-0.00909869375720133
-0.008571850737791306
-0.0019494667681953398
-0.013614477832399191
-0.012038598166127791
-0.0114157228775166
-0.024285407291634413
-0.022622081083612758
-0.020809791243398955
-0.05710083890927719
-0.05773090596829323
-0.058497348168397086
-0.0628153567391912
-0.06361685844004593
-0.06245792114311503
-0.017562785063169276
-0.011232952952410162
-0.012097786474551458
-0.02407331680054705
-0.029876171003244068
-0.02862284201392784
-0.04000147380729982
-0.03955939251042197
-0.03872711669548045
-0.02371187517161761
-0.02397513308260367
-0.02487211035377172
-0.0527487147689212
-0.0521126855460489
-0.05106064100871796
-0.007232405357179466
-0.007785802973634674
-0.008820559282064806
-0.02393856419534245
-0.02565143520721792
-0.03895031640717063
-0.05602751618655665
-0.056736383532977816
-0.058921175683430395
-0.06133829285766616
-0.06189294531127173
-0.061152304614944634
-0.05479375431481997
-0.05575532821989525
-0.057881833067058935
-0.06028160197140642
-0.060618870933267226
-0.06050281353456578
-0.01162838748140858
-0.013417333674824353
-0.014082645458161505
-0.03836001836595379
-0.03758163091660073
-0.03743372020682329
-0.03825606515817845
-0.03797817747999305
-0.036766495840827564
-0.023441646138802216
-0.024705322933528343
-0.024576926973195738
-0.05057428318740216
-0.049308299153700906
-0.04864501664776194
-0.006502913462306753
-0.0066558819039750925
-0.008837665565762107
-0.01479561797337621
-0.01315007189520352
-0.005298005820655319
-0.02238801305448375
-0.02070872497138473
-0.0180559301419518
-0.018776944037579187
-0.020128868419639283
-0.031779687154741755
-0.013722149933762376
-0.015174849785969537
-0.025156891112380855
-0.05282392266836187
-0.053945327066120576
-0.05551637320785037
-0.059015935606988285
-0.05915603516297493
-0.059679851881341325
-0.05061076942552908
-0.05211878585854529
-0.053953711728503086
-0.05789001551491079
-0.05786869307532903
-0.059142342798744786
-0.04854051011625796
-0.05014236238695648
-0.05143954959201085
-0.05678014467989457
-0.05665076098202575
-0.05790931066569802
-0.046000577906025436
-0.04772374314029397
-0.04944528736159237
-0.055424795858211466
-0.05498782067507742
-0.05643243673551591
-0.04271143435795504
-0.04506113557692807
-0.047151996539845135
-0.053976920338539146
-0.05352239438034611
-0.055200697117196336
-0.009424217952185931
-0.007264077534783485
-0.006987149373923506
-0.015928157006752753
-0.009683221507177936
-0.010104274681552616
-0.01388392200168075
-0.00791189080137265
-0.00855220694575091
-0.011693739834183892
-0.009962369721266323
-0.010338201006978931
-0.03562384314237941
-0.03498573296427829
-0.034459683858907846
-0.03409454370394987
-0.033294950238321463
-0.031190002953129757
-0.009056220722830313
-0.010893224422483097
-0.011858156821694285
-0.03256951509214745
-0.031791396282545015
-0.0293387876697961
-0.020210621702269074
-0.025383059436948862
-0.022637796007378832
-0.00925985581746808
-0.008155834689737136
-0.008560805283444587
-0.031983039408277965
-0.030278681997504796
-0.026740837112266356
-0.025894207816876885
-0.028370027785603033
-0.02786635801978798
-0.023930103308195453
-0.025023363243012017
-0.024121482851928912
-0.034878330589000486
-0.034706931401478715
-0.03317233644946465
-0.02303122518210523
-0.02438336360892393
-0.023847619503619997
-0.04827283533391732
-0.04669692238609677
-0.046146584030466266
-0.023566638123115356
-0.025132586457502847
-0.027340405438627632
-0.04606803853576471
-0.04461670069088699
-0.0439154600700165
-0.022602883862405315
-0.02480697229615234
-0.027816823250350224
-0.04403901060267784
-0.04294307372696223
-0.041321136952931534
-0.024270830673720736
-0.027952548736327826
-0.029104092090203287
-0.0425293884711893
-0.04105811959134621
-0.03940081736392098
-0.02756470669016327
-0.03210953300031325
-0.03153545139605603
-0.0406530098309236
-0.039560254683771015
-0.03722567698271374
-0.030394996292440957
-0.03393263404697659
-0.03273066203896131
-0.039165714062721395
-0.03804068194109563
-0.03519482125248852
-0.01174419929978402
-0.0114381266713416
-0.0152660842551739
-0.020585482507346053
-0.018717476645030578
-0.014768693812546554
-0.011373063724535786
-0.009800891022154975
-0.007126200947740499
-0.019313018180683417
-0.017079192993018247
-0.012829408929794221
-0.012262252035061627
-0.010321134539826018
-0.002073111659027503
-0.017500838847767333
-0.015441869981128158
-0.010590350090058672
-0.007155358934574868
-0.0061014725571880086
0.0007226600119486113
-0.039525522753401314
-0.04181841142009838
-0.04311149336451862
-0.05270540119564115
-0.052027859364858806
-0.052761950407470184
-0.013179878442239812
-0.01020944794476045
-0.009650457042951635
-0.011265485980584043
-0.008461258803418081
-0.008048700577351181
-0.008239634563636505
-0.006508398595069327
-0.006469761073687139
-0.0072316719440421295
-0.005717134903094139
-0.005931522209046515
-0.005944105976775837
-0.005178793319236533
-0.004740165079027456
-0.03243984269202449
-0.03221510622890268
-0.030091064530067744
-0.034222333458007986
-0.0342534461236137
-0.03288281270507391
-0.037741175453821565
-0.03665160392380136
-0.033379351632458934
-0.03289029828767214
-0.03458939011988607
-0.03103901096448973
-0.03356964691990295
-0.03502638519849479
-0.030261408773479364
-0.009618582249348964
-0.008414710954491715
-0.011523429486259737
-0.016151613801772723
-0.013775772375086025
-0.008456860896694214
-0.00883925402072088
-0.007603767695420619
-0.003323400889368761
-0.015056372615150243
-0.012344594988879737
-0.007789935804471448
-0.009810885083284385
-0.007382158136829105
-0.0015113270529648068
-0.01362613239818328
-0.011199707297042899
-0.00568714312496845
-0.005932385801496209
-0.005303507054126544
-0.007920110381055973
-0.004650751797067645
-0.0037640024415755645
-0.005934767444516804
-0.007295987110830848
-0.006352387020457512
-0.008706104196582196
-0.007088763863890839
-0.006053000464371604
-0.00030363227500692486
-0.010878930254187359
-0.008889559710768203
-0.0032146888705272534
-0.011809969243186221
-0.010014800571156949
-0.004189265758159976
-0.007557125694960459
-0.005718270852123495
-0.0003749109231081628
-0.009976909971620282
-0.008003876048840763
-0.0019175152578153893
-0.004004545857360528
-0.0034249885667721916
0.004440738218531575
-0.005541381008643814
-0.004770014015476361
0.0030225019297446185
-0.010082448226531733
-0.011070016181483457
-0.01867894697518823
-0.00759239508110755
-0.00755865307618119
-0.01275792432129636
-0.03537611964923014
-0.037566729359775106
-0.03967530582146162
-0.05067260085574216
-0.050475098273792325
-0.0502547382101033
-0.025965360778016207
-0.026790543658870698
-0.02980291457364612
-0.03060142499055907
-0.03227397293479237
-0.03539316417699713
-0.04628330613229418
-0.045467011122846075
-0.04381730190103815
-0.04855106546781951
-0.048165997995971425
-0.04756935734417447
-0.01722215013296661
-0.017898292011094896
-0.020058410656886655
-0.021528422817285085
-0.021899162032553605
-0.02475595790030058
-0.040876494235684756
-0.04052834274833715
-0.03740201977895279
-0.04378993223296758
-0.04310470086913679
-0.04058528165320369
-0.013264036805938746
-0.014832929702467993
-0.014725512691051946
-0.03790854406356235
-0.037693168297834326
-0.03364981380962501
-0.02431401471636418
-0.023337972439110795
-0.02026815428535205
-0.02464450725762356
-0.022860238595366292
-0.01892430111857312
-0.03519471834724339
-0.03490598345722046
-0.03148977938167209
-0.024523456574544484
-0.023436749736459487
-0.02112976725116549
-0.02365434410271811
-0.022630050737242238
-0.017343609122066235
-0.03282254281130134
-0.032502778473954025
-0.028600897204634407
-0.023794086910087785
-0.023141136867581933
-0.02214683897476992
-0.022261509415682442
-0.021205538836583146
-0.015829323752903215
-0.03035715015455795
-0.029951468029752907
-0.025933125458286195
-0.023700028018852345
-0.022669102667463557
-0.02216947070837687
-0.02843857167659137
-0.027949078530821986
-0.02364342869320316
-0.0203179453542779
-0.018676467463975353
-0.014014387327392155
-0.023461448462248125
-0.022786175315985056
-0.022036916144696213
-0.026750651121328135
-0.02630047484527277
-0.021805356682233098
-0.017949640477260383
-0.015892025061179045
-0.012176193167177442
-0.0029501175641028464
-0.0021621227870798248
0.005440000344582599
-0.008939361707595917
-0.006905162436815165
-0.0009709053422908802
-0.005238586812705723
-0.005120735441302146
-0.008517238431031126
-0.022614141110001734
-0.022246730961373275
-0.021680275341509514
-0.025081514754944065
-0.024430775802639613
-0.02037692502603983
-0.015296481206511997
-0.012908368914017252
-0.010579432388641742
-0.005126020493883968
-0.00453196536020815
-0.0040744482580737035
-0.0041858089341048595
-0.0041783877135023835
-0.003078775075156884
-0.0032947335532542196
-0.003600347275035502
-0.0024179686400108685
-0.0026575899996953535
-0.002931189704259614
-0.0021250021485486143
-0.011919682942089475
-0.00651151629860047
-0.007354333636071331
-0.029832316831934706
-0.02899862204143234
-0.02511828443246645
-0.006624480875726443
-0.006146048166320938
-0.006787327085139653
-0.006318420138417263
-0.008562564160474842
-0.010055102627837797
-0.028557659593246996
-0.027873922315258235
-0.02410342540059479
-0.027058819966982988
-0.022575346639085312
-0.023155250294487888
-0.00958026488621174
-0.0045034299809786175
-0.0057712123780152835
-0.02527522099717577
-0.02145987894803265
-0.02009701569741931
-0.004196788403058972
-0.004054718281656682
-0.004174313507887833
-0.0037430401748176087
-0.006064268300273948
-0.007462167208971071
-0.022482557348723876
-0.01983231471128401
-0.017920579580084396
-0.020664875072014026
-0.016544467647986772
-0.014424537254577178
-0.017912633889845268
-0.022487105742831866
-0.017763950796395117
-0.015694956110964064
-0.016956448967054023
-0.014325803319404033
-0.011411975882994653
-0.01027348082736091
-0.00813885913021363
-0.018389651839879156
-0.013245288442141087
-0.011353457711702578
-0.022723183590809902
-0.022122847307767667
-0.01818003182882177
-0.02043433909125656
-0.01642929847276436
-0.016367923209348243
-0.030135394613917774
-0.030232982536170076
-0.027402586608178778
-0.029036839597303667
-0.02813755246344529
-0.026188530654946248
-0.02713263704860001
-0.02460297622017262
-0.024068089674566202
-0.025241610151812154
-0.022313558777172886
-0.022298964526846234
-0.022782197190185555
-0.020318988131338537
-0.0221223501982339
-0.02349141530876333
-0.021630700601934044
-0.02272144720390288
-0.011103343637687741
-0.009638482451226333
-0.012276498207293353
-0.012007028956364848
-0.011027615962908896
-0.013665700496436303
-0.0009036853186771105
-0.0013891335116825605
-0.0013892022891429578
-0.005826076937137853
-0.00465875599764236
-0.006544049268986645
-0.005569124016343198
-0.004513212679233877
0.003047012869410143
-0.007730337761022104
-0.005832877846214585
2.9244162930715808e-05
-0.022393359506791298
-0.02199372188368468
-0.021401529489632327
-0.023632725831302662
-0.023155893064841063
-0.01964211518366681
-0.02223455316945252
-0.022102337793009654
-0.0216116034554138
-0.022860587280729813
-0.022584883878885284
-0.019887100498574423
-0.021973717155902545
-0.021630878344712612
-0.021108002005020735
-0.022234838758130857
-0.021673065299312184
-0.020081607269345835
-0.021013200205802652
-0.02105043724454323
-0.020203068450549023
-0.021378985983200472
-0.021086963296455773
-0.02036754894815103
-0.0019401443511878884
-0.002348728257884944
-0.001557049510125311
-0.0014900207327329907
-0.0018507384646035286
-0.0010521102218155412
-0.00101189395666772
-0.0014140576266777735
-0.00090557621671298
-0.006977675956884486
-0.0029718076147801737
-0.003214598581488947
-0.0016385842403729843
-0.0024418031687478757
-0.0031897375443377257
-0.0018173068000601929
-0.00399982020373571
-0.00543253112728078
-0.015057683274171531
-0.011855463445089866
-0.010938255344902666
-0.012081937407032825
-0.009354432644277388
-0.00869131460680998
-0.004342026238667566
-0.0018239059966919252
-0.0025009301590001327
0.00019075510192698635
-0.0020951751622964128
-0.00388668378588362
-0.009467827617701898
-0.006950422748211001
-0.007155219527644138
-0.00858088089393978
-0.006295208335226981
-0.006639618551770473
-0.005125801379034327
-0.005126516751519077
-0.004654289368644005
-0.016468086668955054
-0.012489749366330087
-0.010250223746689347
-0.010443353166659827
-0.006912629475529507
-0.005501577062472252
-0.0225014004126494
-0.01948411423338417
-0.016575054631388822
-0.005308243687278818
-0.0038876872933753573
0.0002960220271328106
-0.006433211424283478
-0.004865861358166946
0.0011436681707753169
-0.0038152473148989007
-0.0038175491602138113
-0.00417581607200367
-0.010880703630879193
-0.011568011018109635
-0.011221625096320064
-0.0008031127145571843
-0.0011752567239734816
-0.0005440090701757047
0.00013774843496280745
-0.001020006938311842
-0.0021553426457159965
-0.0077776401342055015
-0.005563767707425527
-0.005250836001562142
-0.0013729088921010943
-0.0026416238128950716
-0.0022629070624343257
-0.0037737403948395467
-0.0033375439487311424
-0.0035425438357373547
-0.000709218118577773
-0.0013117124705955075
-0.000599097005668975
-0.0006793486322308057
-0.00043699507860872145
0.0007776021910103624
-0.000433129012313658
-0.000309755400410346
0.00038773628247649935
-0.0001436133785364424
-0.00016082452136028993
0.00028877555235962696
-0.0037892791001056447
-0.0025567824521928093
-0.005769885230572416
-0.0026117925770518077
-0.0017008959680414745
-0.004670470901485825
-0.0016542442502820208
-0.0008371190811050747
-0.0047893110454268915
-0.003666283129626303
-0.0028617808486942854
-0.004548941047118978
-0.005373132353794604
-0.0039578050641857175
0.0019305731116166641
-0.003253880761888043
-0.002397879996708135
0.005633911273691693
-0.004280136549703416
-0.002992037037555581
0.003721457153797488
-0.003102370086443813
-0.0018589478062352133
0.0037944793232677788
-0.003464197249146287
-0.0021905251593990725
0.005247947113834588
-0.0014272065037987773
-0.0010149595818991484
0.0003014190733819542
-0.00257280115766756
-0.001448918975648071
0.0057917154180237955
-0.001706849224168298
-0.0010960242154914326
0.006479514158735626
-0.001145594653868783
-0.00043395939374892223
0.005490296344641829
-0.0011249677370046562
-0.000978174064791591
0.0008476461436425087
-0.0024197842766598247
-0.002285605196717273
-0.0015426043347072167
-0.006563063244470157
-0.0068103311621709505
-0.0037862864835163028
-0.008299086236756835
-0.00906602873749451
-0.007471129953468967
-0.020078185331490372
-0.020336010784138773
-0.019464286261865447
-0.02056832331219618
-0.020514687864225143
-0.02007957043083526
-0.018405248461306496
-0.018928369456070963
-0.018622271590738867
-0.019240396803084443
-0.019799849018496303
-0.018928114367266786
-0.01952588542490572
-0.019584065356501142
-0.019720723687004487
-0.020078085749781836
-0.020159172379960545
-0.01986075028695781
-0.01701165747186845
-0.01779509510710645
-0.017614587310838987
-0.01857518365947551
-0.01861853012082489
-0.019005952420764326
-0.015383240714774066
-0.016414418577293782
-0.016067246491282175
-0.017520381273596328
-0.017587080031323123
-0.01757008361021814
-0.012498581036518155
-0.01329786276638971
-0.011978453505722604
-0.014104179712387203
-0.014905352843146522
-0.013640460544734258
-0.015465806782860412
-0.016162295711704477
-0.01423271733191054
-0.01674553283533722
-0.016879436357316306
-0.015745621125661503
-0.011019450084299729
-0.011603853309783536
-0.01017654852453123
-0.014210011288832943
-0.015082471048725541
-0.01278609732814438
-0.009458901643634346
-0.010104233511179969
-0.008351289077867509
-0.012859020164876181
-0.01355537355738045
-0.011019973587225689
-0.0033508203546320264
-0.0036092753981733254
-0.0027059581801185243
-0.011942306273350602
-0.012643319279048462
-0.009548972335072237
-0.0032951878393883997
-0.0031586143021451424
-0.0026938079269945327
-0.010739920684634724
-0.010703951522428805
-0.008160327674036879
-0.002965483829610676
-0.0028518930460290017
-0.0024294393788976587
-0.003400118521241832
-0.003451140046200489
-0.0026686845093581843
-0.008914798523592189
-0.009020287287802966
-0.0064861300433958465
-0.003120267337214263
-0.0030972762889347
-0.0026171736001710604
-0.007375666074789243
-0.0070206584138803796
-0.005207119358051767
-0.0030160214215278203
-0.003076320532473164
-0.002402775500215444
-0.00622489881547395
-0.006136998139324089
-0.004051257216436692
-0.003190561204533215
-0.0034786177389420124
-0.0026095488036131584
-0.0027641671384600127
-0.0028173194128535218
-0.002279376308968023
-0.005011573214263208
-0.004838171243311761
-0.003038717265593775
-0.002405205649561323
-0.0027981351616855198
-0.0019792616089883133
-0.0040911299225485104
-0.0039760125781864745
-0.0022045311783095304
-0.002967225746342259
-0.002864432945314779
-0.0022542638261879473
-0.001817186304958207
-0.0021229282078351823
-0.0015157648680305595
-0.002808836848738171
-0.0027139756129531427
-0.0014716982082096592
-0.0013453933472014758
-0.0014043094660893542
-0.000981088765705835
-0.0018548296221963254
-0.001641734450016607
-0.0009049885458152162
-0.002641353122950024
-0.0019740835141697903
-0.002105160580927259
-0.00213714055882227
-0.0011726614540293462
-0.0015028371189359595
-0.001000223063926022
-0.0005519700862478705
-0.003137765211007724
-0.0015653567720311443
-0.001229261233026212
0.00776523157776928
-0.0022333956186460033
-0.0012703148063267337
0.005211100751975422
-0.0015479412517068088
-0.0006525529044848805
0.005715859852217267
-0.001795848213557329
-0.0006844676821027497
0.006292546257753738
-0.021436126740272555
-0.018136101430809896
-0.013504313702581285
-0.004738543657739011
-0.005279975863358403
-0.0014739579848263053
-0.008591485918718573
-0.009034043880875142
-0.00684301415495371
-0.005949314693981503
-0.006168394241773965
-0.004056690664498177
-0.007444732845246313
-0.007545337220283666
-0.0054665197470423425
0.0
0.0
0.0
-0.000707458244765014
-0.0007600203355445265
-0.0003224175293352787
0.0
0.0
0.0
-0.0008706254511202296
-0.0008443039876375071
-0.00018927394722212544
-0.0002082378292963563
-4.3103084877772695e-05
-0.000244483001811217
-0.000582641824442955
-0.00020264503645245043
0.0035917894630111517
-0.001231902635536937
-0.0003757683101978165
0.007914633467160991
-0.0008944695142256571
-0.00032762808601296476
0.009104906504024478
-0.0010266435476143257
-0.00032762808601296476
0.008100110288341357
-0.0006492608110939818
-0.00017312327374536613
0.004322844004149841
-0.00036182716270247395
-0.00033157735316385786
0.0014534677905668016
-0.003289202659080003
-0.003514299529287689
0.0002315594624631109
-0.0024278394943237315
-0.002184044841266321
0.001303350315469695
-0.0032088773939461315
-0.003060677606850923
-0.0016484817162212514
-0.0042553987375749825
-0.003923382124945679
-0.002589945757880702
-0.0016859242729871857
-0.0011778774165009539
-0.0002252695693212172
-0.002247406075803194
-0.0020208518304582392
-0.0007593409566257546
0.0
0.0
0.0
0.0
0.0
0.0
-0.0006140518864272672
-0.00020444503921269352
0.007590928426574643
-0.0006616260317667536
-0.00023721735290233855
0.008333819565379484
-0.0011206369635992307
-0.0006556959004301706
-0.0010984520962656107
-0.0006478724994311748
-0.0006885499088355984
-0.0001202166406051017
-0.0024008315027384515
-0.0006959201358360704
-0.0012796367733030288
0.0013838313623627157
-0.0007433200954039095
-0.002143073047341434
-0.0017560326710152673
-0.0028655813645180705
-0.0030273482572029347
0.0009364345004378499
-0.00033088908289270204
-0.0009362188902592348
0.00041075569380721703
-0.0013921467454476788
-0.0023390416119260593
0.0013419782131108505
-7.057839794114732e-05
-0.0008717850272122778
0.0002927578864999991
-0.0002627266435559534
-0.0012936175569653726
-0.00791538856916831
-0.004543760769113684
-0.003095493355846146
-0.0180916446744751
-0.01307949650217446
-0.010338195730508221
-0.012880065311463995
-0.007407618598579986
-0.0054457425848464915
-0.00016691312299349352
-2.6074352843921742e-05
4.147045679056678e-05
-0.0006680388466148591
-4.1053573300521864e-05
-0.002554130825793859
-0.0001218169793330862
7.02800395703763e-05
0.005190808089940731
-0.0004718929952414918
-7.205615407340101e-07
0.008343509754903153
-0.00035007601590840556
-7.100060111111031e-05
0.0031527016649624236
-0.0002479069618505202
-3.1914777617869205e-05
0.0005766864055364764
-0.0003038112114297706
5.338128976862589e-05
0.007223216976980967
-0.0003038112114297706
5.338128976862589e-05
0.007223216976980967
-0.0002599688900665289
7.508328886748946e-05
0.005853541422243661
-0.0002599688900665289
7.508328886748946e-05
0.005853541422243661
-2.6134727546059017e-05
8.99037639564316e-05
0.003933156543242778
-0.0001031613410568145
8.708219987113335e-05
0.005204722770691842
-7.702661351075548e-05
-2.821564085298256e-06
0.001271566227449059
-2.6032723889348828e-05
-4.2186954599574733e-05
0.0012253110911135273
-0.0005069694943968852
-0.0004825460858756312
0.001771542338947451
-0.0011783738132447187
-0.0011356632783551266
0.0017594143059655191
-0.00016316720635521563
-8.428365209298044e-05
0.00013314358211315318
-0.0005094362749948503
-0.0002374249839272525
7.610021989061843e-05
-0.0009916505437799635
-0.0005910474051179596
4.406665982090042e-05
0.0
0.0
0.0
0.0
0.0
0.0
-0.0015635261876070664
-0.0008234350137184446
-0.0013913651099253163
-0.0008376889466973895
-0.0003593233614642444
-0.0009326359196910256
-0.0004901379807058102
-0.0001786770800863712
-0.000615284168969821
-0.00036578577739782123
-3.652605191254388e-05
-0.00016448049760199785
-0.00023508887833896102
0.0
-0.00019891635543861636
-0.0001190646168804035
0.0
-4.703938210807248e-05
-0.00036031116264732685
-0.00044802464277416185
-5.998163277539366e-05
-0.00014453160412277165
-0.00025280980017182366
0.0
-0.0010492203266108519
-0.00019214824561480606
-0.00042183252975309477
-2.828357642295845e-05
-0.0002534916622890208
-0.0011643629824571401
-2.828357642295845e-05
-0.0002534916622890208
-0.0011643629824571401
-0.00036272728233031643
-6.451593998026368e-05
-0.0001611070092315165
0.0006631176498397993
-0.00017591450794573655
-0.0007503502254109023
0.000913568516391505
-0.00017591450794573655
-0.0009294613467827703
0.0009063393077407819
-9.327203744650934e-05
-0.0005971616799130657
0.00047657111681597824
0.0
-0.000367252158301268
0.0005791511775687469
-3.1984659945726435e-05
-0.0004211675530054466
0.0005791511775687469
-3.1984659945726435e-05
-0.0004211675530054466
0.0005549561007480729
0.0
-0.0004019672434271764
0.0012690665900710976
-2.8756097466245656e-05
-0.00043605467068154915
0.0004407162827946356
0.0
-0.00020928891877209813
0.0002883616610641056
0.0
-0.00020928891877209813
-0.0005256788066306332
-0.0010612576625549767
-0.0014028227216668252
0.0002504508665517051
0.0
-0.00017911112137186793
-0.008627104391743998
-0.003947223372758745
-0.0027529347658868542
-0.0030857129834999265
-0.00208840239977731
-0.0008842752098615002
-1.8091039991143098e-05
0.00010071189073910585
0.0027017868537139843
-1.8091039991143098e-05
0.00010071189073910585
0.0027017868537139843
-4.7574145339486406e-05
-3.277231368964504e-05
0.0007428911388048426
-0.00013217403338866874
0.0
-0.001004796215683127
0.0
0.0
0.0
-5.787971988146268e-06
5.2663399038652694e-05
0.0007108446272385072
-5.787971988146268e-06
5.2663399038652694e-05
0.0007108446272385072
5.160194838384236e-05
0.0
-0.00020928891877209813
5.160194838384236e-05
0.0
-0.00020928891877209813
0.0
0.0
0.0
0.0
0.0
0.0
-0.00015235462173053004
0.0
0.0
7.838498393209436e-05
0.0
-3.471508512590837e-05
-6.0992511266644914e-05
-2.650790280125399e-05
0.0
-3.953415061858863e-05
0.0
0.0
-5.4151049878054815e-05
-3.385886933685125e-05
0.0
-2.6520771526237226e-05
0.0
-0.00010971638730301462
-2.6520771526237226e-05
0.0
-0.00010971638730301462
-6.904864284675333e-05
0.0
0.0
2.9490443219054893e-05
0.0
-0.00010971638730301462
9.853908606580825e-05
0.0
-0.00010971638730301462
0.0
0.0
0.0
0.0
0.0
0.0
0.0
0.0
0.0
0.0
0.0
0.0
0.0
0.0
0.0
0.0
0.0
0.0
0.0
0.0
0.0
0.0
0.0
0.0
0.0
0.0
0.0
0.0
0.0
0.0
0.0
0.0
0.0
0.0
0.0
0.0
0.0
0.0
0.0
0.0
0.0
0.0
0.0
0.0
0.0
0.0
0.0
0.0
0.0
0.0
0.0
0.0
0.0
0.0
0.0
0.0
0.0
0.0
0.0
0.0
0.0
0.0
0.0
0.0
0.0
0.0
0.0
0.0
0.0
0.0
0.0
0.0
0.0
0.0
0.0
0.0
0.0
0.0
0.0
0.0
0.0
0.0
0.0
0.0
0.0
0.0
0.0
0.0
0.0
0.0
0.0
0.0
0.0
0.0
0.0
0.0
0.0
0.0
0.0
0.0
0.0
0.0
0.0
0.0
0.0
0.0
0.0
0.0
0.0
0.0
0.0
0.0
0.0
0.0
0.0
0.0
0.0
0.0
0.0
0.0
0.0
0.0
0.0
0.0
0.0
0.0
0.0
0.0
0.0
0.0
0.0
0.0
0.0
0.0
0.0
0.0
0.0
0.0
0.0
0.0
0.0
0.0
0.0
0.0
0.0
0.0
0.0
0.0
0.0
0.0
0.0
0.0
0.0
0.0
0.0
0.0
0.0
0.0
0.0
0.0
0.0
0.0
0.0
0.0
0.0
0.0
0.0
0.0
0.0
0.0
0.0
0.0
0.0
0.0
0.0
0.0
0.0
0.0
0.0
0.0
0.0
0.0
0.0
0.0
0.0
0.0
0.0
0.0
0.0
0.0
0.0
0.0
0.0
0.0
0.0
0.0
0.0
0.0
0.0
0.0
0.0
0.0
0.0
0.0
0.0
0.0
0.0
0.0
0.0
0.0
0.0
0.0
0.0
0.0
0.0
0.0
0.0
0.0
0.0
0.0
0.0
0.0
0.0
0.0
0.0
0.0
0.0
0.0
0.0
0.0
0.0
0.0
0.0
0.0
0.0
0.0
0.0
0.0
0.0
0.0
0.0
0.0
0.0
0.0
0.0
0.0
0.0
0.0
0.0
0.0
0.0
0.0
0.0
0.0
0.0
0.0
0.0
0.0
0.0
0.0
0.0
0.0
0.0
0.0
0.0
0.0
0.0
0.0
0.0
0.0
0.0
0.0
0.0
0.0
0.0
0.0
0.0
0.0
0.0
0.0
0.0
0.0
0.0
0.0
0.0
0.0
0.0
0.0
0.0
0.0
0.0
0.0
0.0
0.0
0.0
0.0
0.0
0.0
0.0
0.0
0.0
0.0
0.0
0.0
0.0
0.0
0.0
0.0
0.0
0.0
0.0
0.0
0.0
0.0
0.0
0.0
0.0
0.0
0.0
0.0
0.0
0.0
0.0
0.0
0.0
0.0
0.0
0.0
0.0
0.0
0.0
0.0
0.0
0.0
0.0
0.0
0.0
0.0
0.0
0.0
0.0
0.0
0.0
0.0
0.0
0.0
0.0
0.0
0.0
0.0
0.0
0.0
0.0
0.0
0.0
0.0
0.0
0.0
0.0
0.0
0.0
0.0
0.0
0.0
0.0
0.0
0.0
0.0
0.0
0.0
0.0
0.0
0.0
0.0
0.0
0.0
0.0
0.0
0.0
0.0
0.0
0.0
0.0
0.0
0.0
0.0
0.0
0.0
0.0
0.0
0.0
0.0
0.0
0.0
0.0
0.0
0.0
0.0
0.0
0.0
0.0
0.0
0.0
0.0
0.0
0.0
0.0
0.0
0.0
0.0
0.0
0.0
0.0
0.0
0.0
0.0
0.0
0.0
0.0
0.0
0.0
0.0
0.0
0.0
0.0
0.0
0.0
0.0
0.0
0.0
0.0
0.0
0.0
0.0
0.0
0.0
0.0
0.0
0.0
0.0
0.0
0.0
0.0
0.0
0.0
0.0
0.0
0.0
0.0
0.0
0.0
0.0
0.0
0.0
0.0
0.0
0.0
0.0
0.0
0.0
0.0
0.0
0.0
0.0
0.0
0.0
0.0
0.0
0.0
0.0
0.0
0.0
0.0
0.0
0.0
0.0
0.0
0.0
0.0
0.0
0.0
0.0
0.0
0.0
0.0
0.0
0.0
0.0
0.0
0.0
0.0
0.0
0.0
0.0
0.0
0.0
0.0
0.0
0.0
0.0
0.0
0.0
0.0
0.0
0.0
0.0
0.0
0.0
0.0
0.0
0.0
0.0
0.0
0.0
0.0
0.0
0.0
0.0
0.0
0.0
0.0
0.0
0.0
0.0
0.0
0.0
0.0
0.0
0.0
0.0
0.0
0.0
0.0
0.0
0.0
0.0
0.0
0.0
0.0
0.0
0.0
0.0
0.0
0.0
0.0
0.0
0.0
0.0
0.0
0.0
0.0
0.0
0.0
0.0
0.0
0.0
0.0
0.0
0.0
0.0
0.0
0.0
0.0
0.0
0.0
0.0
0.0
0.0
0.0
0.0
0.0
0.0
0.0
0.0
0.0
0.0
0.0
0.0
0.0
0.0
0.0
0.0
0.0
0.0
0.0
0.0
0.0
0.0
0.0
0.0
0.0
0.0
0.0
0.0
0.0
0.0
0.0
0.0
0.0
0.0
0.0
0.0
0.0
0.0
0.0
0.0
0.0
0.0
0.0
0.0
0.0
0.0
0.0
0.0
0.0
0.0
0.0
0.0
0.0
0.0
0.0
0.0
0.0
0.0
0.0
0.0
0.0
0.0
0.0
0.0
0.0
0.0
0.0
0.0
0.0
0.0
0.0
0.0
0.0
0.0
0.0
0.0
0.0
0.0
0.0
0.0
0.0
0.0
0.0
0.0
0.0
0.0
0.0
0.0
0.0
0.0
0.0
0.0
0.0
0.0
0.0
0.0
0.0
0.0
0.0
0.0
0.0
0.0
0.0
0.0
0.0
0.0
0.0
0.0
0.0
0.0
0.0
0.0
0.0
0.0
0.0
0.0
0.0
0.0
0.0
0.0
0.0
0.0
0.0
0.0
0.0
0.0
0.0
0.0
0.0
0.0
0.0
0.0
0.0
0.0
0.0
0.0
0.0
0.0
0.0
0.0
0.0
0.0
0.0
0.0
0.0
0.0
0.0
0.0
0.0
0.0
0.0
0.0
0.0
0.0
0.0
0.0
0.0
0.0
0.0
0.0
0.0
0.0
0.0
0.0
0.0
0.0
0.0
0.0
0.0
0.0
0.0
0.0
0.0
0.0
0.0
0.0
0.0
0.0
0.0
0.0
0.0
0.0
0.0
0.0
0.0
0.0
0.0
0.0
0.0
0.0
0.0
0.0
0.0
0.0
0.0
0.0
0.0
0.0
0.0
0.0
0.0
0.0
0.0
0.0
0.0
0.0
0.0
0.0
0.0
0.0
0.0
0.0
0.0
0.0
0.0
0.0
0.0
0.0
0.0
0.0
0.0
0.0
0.0
0.0
0.0
0.0
0.0
0.0
0.0
0.0
0.0
0.0
0.0
0.0
0.0
0.0
0.0
0.0
0.0
0.0
0.0
0.0
0.0
0.0
0.0
0.0
0.0
0.0
0.0
0.0
0.0
0.0
0.0
0.0
0.0
0.0
0.0
0.0
0.0
0.0
0.0
0.0
0.0
0.0
0.0
0.0
0.0
0.0
0.0
0.0
0.0
0.0
0.0
0.0
0.0
0.0
0.0
0.0
0.0
0.0
0.0
0.0
0.0
0.0
0.0
0.0
0.0
0.0
0.0
0.0
0.0
0.0
0.0
0.0
0.0
0.0
0.0
0.0
0.0
0.0
0.0
0.0
0.0
0.0
0.0
0.0
0.0
0.0
0.0
0.0
0.0
0.0
0.0
0.0
0.0
0.0
0.0
0.0
0.0
0.0
0.0
0.0
0.0
0.0
0.0
0.0
0.0
0.0
0.0
0.0
0.0
0.0
0.0
0.0
0.0
0.0
0.0
0.0
0.0
0.0
0.0
0.0
0.0
0.0
0.0
0.0
0.0
0.0
0.0
0.0
0.0
0.0
0.0
0.0
0.0
0.0
0.0
0.0
0.0
0.0
0.0
0.0
0.0
0.0
0.0
0.0
0.0
0.0
0.0
0.0
0.0
0.0
0.0
0.0
0.0
0.0
0.0
0.0
0.0
0.0
0.0
0.0
0.0
0.0
0.0
0.0
0.0
0.0
0.0
0.0
0.0
0.0
0.0
0.0
0.0
0.0
0.0
0.0
0.0
0.0
0.0
0.0
0.0
0.0
0.0
0.0
0.0
0.0
0.0
0.0
0.0
0.0
0.0
0.0
0.0
0.0
0.0
0.0
0.0
0.0
0.0
0.0
0.0
0.0
0.0
0.0
0.0
0.0
0.0
0.0
0.0
0.0
0.0
0.0
0.0
0.0
0.0
0.0
0.0
0.0
0.0
0.0
0.0
0.0
0.0
0.0
0.0
0.0
0.0
0.0
0.0
0.0
0.0
0.0
0.0
0.0
0.0
0.0
0.0
0.0
0.0
0.0
0.0
0.0
0.0
0.0
0.0
0.0
0.0
0.0
0.0
0.0
0.0
0.0
0.0
0.0
0.0
0.0
0.0
0.0
0.0
0.0
0.0
0.0
0.0
0.0
0.0
0.0
0.0
0.0
0.0
0.0
0.0
0.0
0.0
0.0
0.0
0.0
0.0
0.0
0.0
0.0
0.0
0.0
0.0
0.0
0.0
0.0
0.0
0.0
0.0
0.0
0.0
0.0
0.0
0.0
0.0
0.0
0.0
0.0
0.0
0.0
0.0
0.0
0.0
0.0
0.0
0.0
0.0
0.0
0.0
0.0
0.0
0.0
0.0
0.0
0.0
0.0
0.0
0.0
0.0
0.0
0.0
0.0
0.0
0.0
0.0
0.0
0.0
0.0
0.0
0.0
0.0
0.0
0.0
0.0
0.0
0.0
0.0
0.0
0.0
0.0
0.0
0.0
0.0
0.0
0.0
0.0
0.0
0.0
0.0
0.0
0.0
0.0
0.0
0.0
0.0
0.0
0.0
0.0
0.0
0.0
0.0
0.0
0.0
0.0
0.0
0.0
0.0
0.0
0.0
0.0
0.0
0.0
0.0
0.0
0.0
0.0
0.0
0.0
0.0
0.0
0.0
0.0
0.0
0.0
0.0
0.0
0.0
0.0
0.0
0.0
0.0
0.0
0.0
0.0
0.0
0.0
0.0
0.0
0.0
0.0
0.0
0.0
0.0
0.0
0.0
0.0
0.0
0.0
0.0
0.0
0.0
0.0
0.0
0.0
0.0
0.0
0.0
0.0
0.0
0.0
0.0
0.0
0.0
0.0
0.0
0.0
0.0
0.0
0.0
0.0
0.0
0.0
0.0
0.0
0.0
0.0
0.0
0.0
0.0
0.0
0.0
0.0
0.0
0.0
0.0
0.0
0.0
0.0
0.0
0.0
0.0
0.0
0.0
0.0
0.0
0.0
0.0
0.0
0.0
0.0
0.0
0.0
0.0
0.0
0.0
0.0
0.0
0.0
0.0
0.0
0.0
0.0
0.0
0.0
0.0
0.0
0.0
0.0
0.0
0.0
0.0
0.0
0.0
0.0
0.0
0.0
0.0
0.0
0.0
0.0
0.0
0.0
0.0
0.0
0.0
0.0
0.0
0.0
0.0
0.0
0.0
0.0
0.0
0.0
0.0
0.0
0.0
0.0
0.0
0.0
0.0
0.0
0.0
0.0
0.0
0.0
0.0
0.0
0.0
0.0
0.0
0.0
0.0
0.0
0.0
0.0
0.0
0.0
0.0
0.0
0.0
0.0
0.0
0.0
0.0
0.0
0.0
0.0
0.0
0.0
0.0
0.0
0.0
0.0
0.0
0.0
0.0
0.0
0.0
0.0
0.0
0.0
0.0
0.0
0.0
0.0
0.0
0.0
0.0
0.0
0.0
0.0
0.0
0.0
0.0
0.0
0.0
0.0
0.0
0.0
0.0
0.0
0.0
0.0
0.0
0.0
0.0
0.0
0.0
0.0
0.0
0.0
0.0
0.0
0.0
0.0
0.0
0.0
0.0
0.0
0.0
0.0
0.0
0.0
0.0
0.0
0.0
0.0
0.0
0.0
0.0
0.0
0.0
0.0
0.0
0.0
0.0
0.0
0.0
0.0
0.0
0.0
0.0
0.0
0.0
0.0
0.0
0.0
0.0
0.0
0.0
0.0
0.0
0.0
0.0
0.0
0.0
0.0
0.0
0.0
0.0
0.0
0.0
0.0
0.0
0.0
0.0
0.0
0.0
0.0
0.0
0.0
0.0
0.0
0.0
0.0
0.0
0.0
0.0
0.0
0.0
0.0
0.0
0.0
0.0
0.0
0.0
0.0
0.0
0.0
0.0
0.0
0.0
0.0
0.0
0.0
0.0
0.0
0.0
0.0
0.0
0.0
0.0
0.0
0.0
0.0
0.0
0.0
0.0
0.0
0.0
0.0
0.0
0.0
0.0
0.0
0.0
0.0
0.0
0.0
0.0
0.0
0.0
0.0
0.0
0.0
0.0
0.0
0.0
0.0
0.0
0.0
0.0
0.0
0.0
0.0
0.0
0.0
0.0
0.0
0.0
0.0
0.0
0.0
0.0
0.0
0.0
0.0
0.0
0.0
0.0
0.0
0.0
0.0
0.0
0.0
0.0
0.0
0.0
0.0
0.0
0.0
0.0
0.0
0.0
0.0
0.0
0.0
0.0
0.0
0.0
0.0
0.0
0.0
0.0
0.0
0.0
0.0
0.0
0.0
0.0
0.0
0.0
0.0
0.0
0.0
0.0
0.0
0.0
0.0
0.0
0.0
0.0
0.0
0.0
0.0
0.0
0.0
0.0
0.0
0.0
0.0
0.0
0.0
0.0
0.0
0.0
0.0
0.0
0.0
0.0
0.0
0.0
0.0
0.0
0.0
0.0
0.0
0.0
0.0
0.0
0.0
0.0
0.0
0.0
0.0
0.0
0.0
0.0
0.0
0.0
0.0
0.0
0.0
0.0
0.0
0.0
0.0
0.0
0.0
0.0
0.0
0.0
0.0
0.0
0.0
0.0
0.0
0.0
0.0
0.0
0.0
0.0
0.0
0.0
0.0
0.0
0.0
0.0
0.0
0.0
0.0
0.0
0.0
0.0
0.0
0.0
0.0
0.0
0.0
0.0
0.0
0.0
0.0
0.0
0.0
0.0
0.0
0.0
0.0
0.0
0.0
0.0
0.0
0.0
0.0
0.0
0.0
0.0
0.0
0.0
0.0
0.0
0.0
0.0
0.0
0.0
0.0
0.0
0.0
0.0
0.0
0.0
0.0
0.0
0.0
0.0
0.0
0.0
0.0
0.0
0.0
0.0
0.0
0.0
0.0
0.0
0.0
0.0
0.0
0.0
0.0
0.0
0.0
0.0
0.0
0.0
0.0
0.0
0.0
0.0
0.0
0.0
0.0
0.0
0.0
0.0
0.0
0.0
0.0
0.0
0.0
0.0
0.0
0.0
0.0
0.0
0.0
0.0
0.0
0.0
0.0
0.0
0.0
0.0
0.0
0.0
0.0
0.0
0.0
0.0
0.0
0.0
0.0
0.0
0.0
0.0
0.0
0.0
0.0
0.0
0.0
0.0
0.0
0.0
0.0
0.0
0.0
0.0
0.0
0.0
0.0
0.0
0.0
0.0
0.0
0.0
0.0
0.0
0.0
0.0
0.0
0.0
0.0
0.0
0.0
0.0
0.0
0.0
0.0
0.0
0.0
0.0
0.0
0.0
0.0
0.0
0.0
0.0
0.0
0.0
0.0
0.0
0.0
0.0
0.0
0.0
0.0
0.0
0.0
0.0
0.0
0.0
0.0
0.0
0.0
0.0
0.0
0.0
0.0
0.0
0.0
0.0
0.0
0.0
0.0
0.0
0.0
0.0
0.0
0.0
0.0
0.0
0.0
0.0
0.0
0.0
0.0
0.0
0.0
0.0
0.0
0.0
0.0
0.0
0.0
0.0
0.0
0.0
0.0
0.0
0.0
0.0
0.0
0.0
0.0
0.0
0.0
0.0
0.0
0.0
0.0
0.0
0.0
0.0
0.0
0.0
0.0
0.0
0.0
0.0
0.0
0.0
0.0
0.0
0.0
0.0
0.0
0.0
0.0
0.0
0.0
0.0
0.0
0.0
0.0
0.0
0.0
0.0
0.0
0.0
0.0
0.0
0.0
0.0
0.0
0.0
0.0
0.0
0.0
0.0
0.0
0.0
0.0
0.0
0.0
0.0
0.0
0.0
0.0
0.0
0.0
0.0
0.0
0.0
0.0
0.0
0.0
0.0
0.0
0.0
0.0
0.0
0.0
0.0
0.0
0.0
0.0
0.0
0.0
0.0
0.0
0.0
0.0
0.0
0.0
0.0
0.0
0.0
0.0
0.0
0.0
0.0
0.0
0.0
0.0
0.0
0.0
0.0
0.0
0.0
0.0
0.0
0.0
0.0
0.0
0.0
0.0
0.0
0.0
0.0
0.0
0.0
0.0
0.0
0.0
0.0
0.0
0.0
0.0
0.0
0.0
0.0
0.0
0.0
0.0
0.0
0.0
0.0
0.0
0.0
0.0
0.0
0.0
0.0
0.0
0.0
0.0
0.0
0.0
0.0
0.0
0.0
0.0
0.0
0.0
0.0
0.0
0.0
0.0
0.0
0.0
0.0
0.0
0.0
0.0
0.0
0.0
0.0
0.0
0.0
0.0
0.0
0.0
0.0
0.0
0.0
0.0
0.0
0.0
0.0
0.0
0.0
0.0
0.0
0.0
0.0
0.0
0.0
0.0
0.0
0.0
0.0
0.0
0.0
0.0
0.0
0.0
0.0
0.0
0.0
0.0
0.0
0.0
0.0
0.0
0.0
0.0
0.0
0.0
0.0
0.0
0.0
0.0
0.0
0.0
0.0
0.0
0.0
0.0
0.0
0.0
0.0
0.0
0.0
0.0
0.0
0.0
0.0
0.0
0.0
0.0
0.0
0.0
0.0
0.0
0.0
0.0
0.0
0.0
0.0
0.0
0.0
0.0
0.0
0.0
0.0
0.0
0.0
0.0
0.0
0.0
0.0
0.0
0.0
0.0
0.0
0.0
0.0
0.0
0.0
0.0
0.0
0.0
0.0
0.0
0.0
0.0
0.0
0.0
0.0
0.0
0.0
0.0
0.0
0.0
0.0
0.0
0.0
0.0
0.0
0.0
0.0
0.0
0.0
0.0
0.0
0.0
0.0
0.0
0.0
0.0
0.0
0.0
0.0
0.0
0.0
0.0
0.0
0.0
0.0
0.0
0.0
0.0
0.0
0.0
0.0
0.0
0.0
0.0
0.0
0.0
0.0
0.0
0.0
0.0
0.0
0.0
0.0
0.0
0.0
0.0
0.0
0.0
0.0
0.0
0.0
0.0
0.0
0.0
0.0
0.0
0.0
0.0
0.0
0.0
0.0
0.0
0.0
0.0
0.0
0.0
0.0
0.0
0.0
0.0
0.0
0.0
0.0
0.0
0.0
0.0
0.0
0.0
0.0
0.0
0.0
0.0
0.0
0.0
0.0
0.0
0.0
0.0
0.0
0.0
0.0
0.0
0.0
0.0
0.0
0.0
0.0
0.0
0.0
0.0
0.0
0.0
0.0
0.0
0.0
0.0
0.0
0.0
0.0
0.0
0.0
0.0
0.0
0.0
0.0
0.0
0.0
0.0
0.0
0.0
0.0
0.0
0.0
0.0
0.0
0.0
0.0
0.0
0.0
0.0
0.0
0.0
0.0
0.0
0.0
0.0
0.0
0.0
0.0
0.0
0.0
0.0
0.0
0.0
0.0
0.0
0.0
0.0
0.0
0.0
0.0
0.0
0.0
0.0
0.0
0.0
0.0
0.0
0.0
0.0
0.0
0.0
0.0
0.0
0.0
0.0
0.0
0.0
0.0
0.0
0.0
0.0
0.0
0.0
0.0
0.0
0.0
0.0
0.0
0.0
0.0
0.0
0.0
0.0
0.0
0.0
0.0
0.0
0.0
0.0
0.0
0.0
0.0
0.0
0.0
0.0
0.0
0.0
0.0
0.0
0.0
0.0
0.0
0.0
0.0
0.0
0.0
0.0
0.0
0.0
0.0
0.0
0.0
0.0
0.0
0.0
0.0
0.0
0.0
0.0
0.0
0.0
0.0
0.0
0.0
0.0
0.0
0.0
0.0
0.0
0.0
0.0
0.0
0.0
0.0
0.0
0.0
0.0
0.0
0.0
0.0
0.0
0.0
0.0
0.0
0.0
0.0
0.0
0.0
0.0
0.0
0.0
0.0
0.0
0.0
0.0
0.0
0.0
0.0
0.0
0.0
0.0
0.0
0.0
0.0
0.0
0.0
0.0
0.0
0.0
0.0
0.0
0.0
0.0
0.0
0.0
0.0
0.0
0.0
0.0
0.0
0.0
0.0
0.0
0.0
0.0
0.0
0.0
0.0
0.0
0.0
0.0
0.0
0.0
0.0
0.0
0.0
0.0
0.0
0.0
0.0
0.0
0.0
0.0
0.0
0.0
0.0
0.0
0.0
0.0
0.0
0.0
0.0
0.0
0.0
0.0
0.0
0.0
0.0
0.0
0.0
0.0
0.0
0.0
0.0
0.0
0.0
0.0
0.0
0.0
0.0
0.0
0.0
0.0
0.0
0.0
0.0
0.0
0.0
0.0
0.0
0.0
0.0
0.0
0.0
0.0
0.0
0.0
0.0
0.0
0.0
0.0
0.0
0.0
0.0
0.0
0.0
0.0
0.0
0.0
0.0
0.0
0.0
0.0
0.0
0.0
0.0
0.0
0.0
0.0
0.0
0.0
0.0
0.0
0.0
0.0
0.0
0.0
0.0
0.0
0.0
0.0
0.0
0.0
0.0
0.0
0.0
0.0
0.0
0.0
0.0
0.0
0.0
0.0
0.0
0.0
0.0
0.0
0.0
0.0
0.0
0.0
0.0
0.0
0.0
0.0
0.0
0.0
0.0
0.0
0.0
0.0
0.0
0.0
0.0
0.0
0.0
0.0
0.0
0.0
0.0
0.0
0.0
0.0
0.0
0.0
0.0
0.0
0.0
0.0
0.0
0.0
0.0
0.0
0.0
0.0
0.0
0.0
0.0
0.0
0.0
0.0
0.0
0.0
0.0
0.0
0.0
0.0
0.0
0.0
0.0
0.0
0.0
0.0
0.0
0.0
0.0
0.0
0.0
0.0
0.0
0.0
0.0
0.0
0.0
0.0
0.0
0.0
0.0
0.0
0.0
0.0
0.0
0.0
0.0
0.0
0.0
0.0
0.0
0.0
0.0
0.0
0.0
0.0
0.0
0.0
0.0
0.0
0.0
0.0
0.0
0.0
0.0
0.0
0.0
0.0
0.0
0.0
0.0
0.0
0.0
0.0
0.0
0.0
0.0
0.0
0.0
0.0
0.0
0.0
0.0
0.0
0.0
0.0
0.0
0.0
0.0
0.0
0.0
0.0
0.0
0.0
0.0
0.0
0.0
0.0
0.0
0.0
0.0
0.0
0.0
0.0
0.0
0.0
0.0
0.0
0.0
0.0
0.0
0.0
0.0
0.0
0.0
0.0
0.0
0.0
0.0
0.0
0.0
0.0
0.0
0.0
0.0
0.0
0.0
0.0
0.0
0.0
0.0
0.0
0.0
0.0
0.0
0.0
0.0
0.0
0.0
0.0
0.0
0.0
0.0
0.0
0.0
0.0
0.0
0.0
0.0
0.0
0.0
0.0
0.0
0.0
0.0
0.0
0.0
0.0
0.0
0.0
0.0
0.0
0.0
0.0
0.0
0.0
0.0
0.0
0.0
0.0
0.0
0.0
0.0
0.0
0.0
0.0
0.0
0.0
0.0
0.0
0.0
0.0
0.0
0.0
0.0
0.0
0.0
0.0
0.0
0.0
0.0
0.0
0.0
0.0
0.0
0.0
0.0
0.0
0.0
0.0
0.0
0.0
0.0
0.0
0.0
0.0
0.0
0.0
0.0
0.0
0.0
0.0
0.0
0.0
0.0
0.0
0.0
0.0
0.0
0.0
0.0
0.0
0.0
0.0
0.0
0.0
0.0
0.0
0.0
0.0
0.0
0.0
0.0
0.0
0.0
0.0
0.0
0.0
0.0
0.0
0.0
0.0
0.0
0.0
0.0
0.0
0.0
0.0
0.0
0.0
0.0
0.0
0.0
0.0
0.0
0.0
0.0
0.0
0.0
0.0
0.0
0.0
0.0
0.0
0.0
0.0
0.0
0.0
0.0
0.0
0.0
0.0
0.0
0.0
0.0
0.0
0.0
0.0
0.0
0.0
0.0
0.0
0.0
0.0
0.0
0.0
0.0
0.0
0.0
0.0
0.0
0.0
0.0
0.0
0.0
0.0
0.0
0.0
0.0
0.0
0.0
0.0
0.0
0.0
0.0
0.0
0.0
0.0
0.0
0.0
0.0
0.0
0.0
0.0
0.0
0.0
0.0
0.0
0.0
0.0
0.0
0.0
0.0
0.0
0.0
0.0
0.0
0.0
0.0
0.0
0.0
0.0
0.0
0.0
0.0
0.0
0.0
0.0
0.0
0.0
0.0
0.0
0.0
0.0
0.0
0.0
0.0
0.0
0.0
0.0
0.0
0.0
0.0
0.0
0.0
0.0
0.0
0.0
0.0
0.0
0.0
0.0
0.0
0.0
0.0
0.0
0.0
0.0
0.0
0.0
0.0
0.0
0.0
0.0
0.0
0.0
0.0
0.0
0.0
0.0
0.0
0.0
0.0
0.0
0.0
0.0
0.0
0.0
0.0
0.0
0.0
0.0
0.0
0.0
0.0
0.0
0.0
0.0
0.0
0.0
0.0
0.0
0.0
0.0
0.0
0.0
0.0
0.0
0.0
0.0
0.0
0.0
0.0
0.0
0.0
0.0
0.0
0.0
0.0
0.0
0.0
0.0
0.0
0.0
0.0
0.0
0.0
0.0
0.0
0.0
0.0
0.0
0.0
0.0
0.0
0.0
0.0
0.0
0.0
0.0
0.0
0.0
0.0
0.0
0.0
0.0
0.0
0.0
0.0
0.0
0.0
0.0
0.0
0.0
0.0
0.0
0.0
0.0
0.0
0.0
0.0
0.0
0.0
0.0
0.0
0.0
0.0
0.0
0.0
0.0
0.0
0.0
0.0
0.0
0.0
0.0
0.0
0.0
0.0
0.0
0.0
0.0
0.0
0.0
0.0
0.0
0.0
0.0
0.0
0.0
0.0
0.0
0.0
0.0
0.0
0.0
0.0
0.0
0.0
0.0
0.0
0.0
0.0
0.0
0.0
0.0
0.0
0.0
0.0
0.0
0.0
0.0
0.0
0.0
0.0
0.0
0.0
0.0
0.0
0.0
0.0
0.0
0.0
0.0
0.0
0.0
0.0
0.0
0.0
0.0
0.0
0.0
0.0
0.0
0.0
0.0
0.0
0.0
0.0
0.0
0.0
0.0
0.0
0.0
0.0
0.0
0.0
0.0
0.0
0.0
0.0
0.0
0.0
0.0
0.0
0.0
0.0
0.0
0.0
0.0
0.0
0.0
0.0
0.0
0.0
0.0
0.0
0.0
0.0
0.0
0.0
0.0
0.0
0.0
0.0
0.0
0.0
0.0
0.0
0.0
0.0
0.0
0.0
0.0
0.0
0.0
0.0
0.0
0.0
0.0
0.0
0.0
0.0
0.0
0.0
0.0
0.0
0.0
0.0
0.0
0.0
0.0
0.0
0.0
0.0
0.0
0.0
0.0
0.0
0.0
0.0
0.0
0.0
0.0
0.0
0.0
0.0
0.0
0.0
0.0
0.0
0.0
0.0
0.0
0.0
0.0
0.0
0.0
0.0
0.0
0.0
0.0
0.0
0.0
0.0
0.0
0.0
0.0
0.0
0.0
0.0
0.0
0.0
0.0
0.0
0.0
0.0
0.0
0.0
0.0
0.0
0.0
0.0
0.0
0.0
0.0
0.0
0.0
0.0
0.0
0.0
0.0
0.0
0.0
0.0
0.0
0.0
0.0
0.0
0.0
0.0
0.0
0.0
0.0
0.0
0.0
0.0
0.0
0.0
0.0
0.0
0.0
0.0
0.0
0.0
0.0
0.0
0.0
0.0
0.0
0.0
0.0
0.0
0.0
0.0
0.0
0.0
0.0
0.0
0.0
0.0
0.0
0.0
0.0
0.0
0.0
0.0
0.0
0.0
0.0
0.0
0.0
0.0
0.0
0.0
0.0
0.0
0.0
0.0
0.0
0.0
0.0
0.0
0.0
0.0
0.0
0.0
0.0
0.0
0.0
0.0
0.0
0.0
0.0
0.0
0.0
0.0
0.0
0.0
0.0
0.0
0.0
0.0
0.0
0.0
0.0
0.0
0.0
0.0
0.0
0.0
0.0
0.0
0.0
0.0
0.0
0.0
0.0
0.0
0.0
0.0
0.0
0.0
0.0
0.0
0.0
0.0
0.0
0.0
0.0
0.0
0.0
0.0
0.0
0.0
0.0
0.0
0.0
0.0
0.0
0.0
0.0
0.0
0.0
0.0
0.0
0.0
0.0
0.0
0.0
0.0
0.0
0.0
0.0
0.0
0.0
0.0
0.0
0.0
0.0
0.0
0.0
0.0
0.0
0.0
0.0
0.0
0.0
0.0
0.0
0.0
0.0
0.0
0.0
0.0
0.0
0.0
0.0
0.0
0.0
0.0
0.0
0.0
0.0
0.0
0.0
0.0
0.0
0.0
0.0
0.0
0.0
0.0
0.0
0.0
0.0
0.0
0.0
0.0
0.0
0.0
0.0
0.0
0.0
0.0
0.0
0.0
0.0
0.0
0.0
0.0
0.0
0.0
0.0
0.0
0.0
0.0
0.0
0.0
0.0
0.0
0.0
0.0
0.0
0.0
0.0
0.0
0.0
0.0
0.0
0.0
0.0
0.0
0.0
0.0
0.0
0.0
0.0
0.0
0.0
0.0
0.0
0.0
0.0
0.0
0.0
0.0
0.0
0.0
0.0
0.0
0.0
0.0
0.0
0.0
0.0
0.0
0.0
0.0
0.0
0.0
0.0
0.0
0.0
0.0
0.0
0.0
0.0
0.0
0.0
0.0
0.0
0.0
0.0
0.0
0.0
0.0
0.0
0.0
0.0
0.0
0.0
0.0
0.0
0.0
0.0
0.0
0.0
0.0
0.0
0.0
0.0
0.0
0.0
0.0
0.0
0.0
0.0
0.0
0.0
0.0
0.0
0.0
0.0
0.0
0.0
0.0
0.0
0.0
0.0
0.0
0.0
0.0
0.0
0.0
0.0
0.0
0.0
0.0
0.0
0.0
0.0
0.0
0.0
0.0
0.0
0.0
0.0
0.0
0.0
0.0
0.0
0.0
0.0
0.0
0.0
0.0
0.0
0.0
0.0
0.0
0.0
0.0
0.0
0.0
0.0
0.0
0.0
0.0
0.0
0.0
0.0
0.0
0.0
0.0
0.0
0.0
0.0
0.0
0.0
0.0
0.0
0.0
0.0
0.0
0.0
0.0
0.0
0.0
0.0
0.0
0.0
0.0
0.0
0.0
0.0
0.0
0.0
0.0
0.0
0.0
0.0
0.0
0.0
0.0
0.0
0.0
0.0
0.0
0.0
0.0
0.0
0.0
0.0
0.0
0.0
0.0
0.0
0.0
0.0
0.0
0.0
0.0
0.0
0.0
0.0
0.0
0.0
0.0
0.0
0.0
0.0
